{"@timestamp":"2021-09-12T15:42:20.275Z","log.level":"info","message":"http listening on port 3000","ecs":{"version":"1.6.0"},"event":{"dataset":"was-backend.log"},"service":{"name":"was-backend"}}
{"@timestamp":"2021-09-12T15:42:29.789Z","log.level":"info","message":"mongodb connection successful","ecs":{"version":"1.6.0"},"event":{"dataset":"was-backend.log"},"service":{"name":"was-backend"}}
{"@timestamp":"2021-09-12T18:35:07.016Z","log.level":"info","message":"http listening on port 3000","ecs":{"version":"1.6.0"},"event":{"dataset":"commarray-backend.log"},"service":{"name":"commarray-backend"}}
{"@timestamp":"2021-09-12T18:35:23.355Z","log.level":"info","message":"mongodb connection successful","ecs":{"version":"1.6.0"},"event":{"dataset":"commarray-backend.log"},"service":{"name":"commarray-backend"}}
{"@timestamp":"2021-09-12T18:37:16.205Z","log.level":"info","message":"::ffff:127.0.0.1 - - [12/Sep/2021:18:37:16 +0000] \"GET / HTTP/1.1\" 200 14 \"-\" \"Mozilla/5.0 (Windows NT 10.0; Win64; x64; rv:92.0) Gecko/20100101 Firefox/92.0\"\n","ecs":{"version":"1.6.0"},"event":{"dataset":"commarray-backend.log"},"trace":{"id":"060d9131fabf6095d9cf3e53f6abba53"},"transaction":{"id":"a781b639e8f7a9ea"},"service":{"name":"commarray-backend"}}
{"@timestamp":"2021-09-12T18:37:16.316Z","log.level":"info","message":"::ffff:127.0.0.1 - - [12/Sep/2021:18:37:16 +0000] \"GET /favicon.ico HTTP/1.1\" 404 150 \"http://localhost:3000/\" \"Mozilla/5.0 (Windows NT 10.0; Win64; x64; rv:92.0) Gecko/20100101 Firefox/92.0\"\n","ecs":{"version":"1.6.0"},"event":{"dataset":"commarray-backend.log"},"trace":{"id":"2263aeadc80a874a9f4e66fbc2eb0dbe"},"transaction":{"id":"0a5dd5e8e14a9fb7"},"service":{"name":"commarray-backend"}}
{"@timestamp":"2021-09-12T18:37:43.190Z","log.level":"error","message":"Error handled by middleware:: Method Not Allowed","ecs":{"version":"1.6.0"},"event":{"dataset":"commarray-backend.log"},"trace":{"id":"a3b7089514b757f5da6ac46f8a7fce7c"},"transaction":{"id":"4b720b1e670840fd"},"service":{"name":"commarray-backend"},"status":405}
{"@timestamp":"2021-09-12T18:37:43.193Z","log.level":"info","message":"::1 - - [12/Sep/2021:18:37:43 +0000] \"GET /v1/auth/token HTTP/1.1\" 405 45 \"-\" \"PostmanRuntime/7.28.4\"\n","ecs":{"version":"1.6.0"},"event":{"dataset":"commarray-backend.log"},"trace":{"id":"a3b7089514b757f5da6ac46f8a7fce7c"},"transaction":{"id":"4b720b1e670840fd"},"service":{"name":"commarray-backend"}}
{"@timestamp":"2021-09-12T18:38:03.235Z","log.level":"info","message":"::1 - - [12/Sep/2021:18:38:03 +0000] \"POST /v1/auth/token HTTP/1.1\" 401 31 \"-\" \"PostmanRuntime/7.28.4\"\n","ecs":{"version":"1.6.0"},"event":{"dataset":"commarray-backend.log"},"trace":{"id":"e9129b981d55c7785bb53a9a5e715fbb"},"transaction":{"id":"faf52404dd90b5a8"},"service":{"name":"commarray-backend"}}
{"@timestamp":"2021-09-12T18:44:45.218Z","log.level":"info","message":"::1 - - [12/Sep/2021:18:44:45 +0000] \"POST /v1/auth/token HTTP/1.1\" 401 31 \"-\" \"PostmanRuntime/7.28.4\"\n","ecs":{"version":"1.6.0"},"event":{"dataset":"commarray-backend.log"},"trace":{"id":"5fc059fc74786b63caafc83dbf90c40d"},"transaction":{"id":"5a94359c23df0c41"},"service":{"name":"commarray-backend"}}
{"@timestamp":"2021-09-12T18:44:47.657Z","log.level":"info","message":"::1 - - [12/Sep/2021:18:44:47 +0000] \"POST /v1/auth/token HTTP/1.1\" 401 31 \"-\" \"PostmanRuntime/7.28.4\"\n","ecs":{"version":"1.6.0"},"event":{"dataset":"commarray-backend.log"},"trace":{"id":"1be8c5666088f0136f8d3074cc4255d5"},"transaction":{"id":"b498ef8a10056eb3"},"service":{"name":"commarray-backend"}}
{"@timestamp":"2021-09-12T18:45:42.024Z","log.level":"info","message":"::1 - - [12/Sep/2021:18:45:42 +0000] \"POST /v1/auth/token HTTP/1.1\" 401 31 \"-\" \"PostmanRuntime/7.28.4\"\n","ecs":{"version":"1.6.0"},"event":{"dataset":"commarray-backend.log"},"trace":{"id":"bb813b93faed136abaab8ee2e168478f"},"transaction":{"id":"cc90b88ca6087e9e"},"service":{"name":"commarray-backend"}}
{"@timestamp":"2021-09-12T18:49:37.958Z","log.level":"info","message":"::1 - - [12/Sep/2021:18:49:37 +0000] \"POST /v1/auth/token HTTP/1.1\" 401 31 \"-\" \"PostmanRuntime/7.28.4\"\n","ecs":{"version":"1.6.0"},"event":{"dataset":"commarray-backend.log"},"trace":{"id":"765061def56b9cdc71424ef1c8348e2d"},"transaction":{"id":"95a47b9dd4575cf3"},"service":{"name":"commarray-backend"}}
{"@timestamp":"2021-09-12T18:49:39.242Z","log.level":"info","message":"::1 - - [12/Sep/2021:18:49:39 +0000] \"POST /v1/auth/token HTTP/1.1\" 401 31 \"-\" \"PostmanRuntime/7.28.4\"\n","ecs":{"version":"1.6.0"},"event":{"dataset":"commarray-backend.log"},"trace":{"id":"d912358987862795b3964cd163344af8"},"transaction":{"id":"0b50c17fd46324e6"},"service":{"name":"commarray-backend"}}
{"@timestamp":"2021-09-12T18:49:39.887Z","log.level":"info","message":"::1 - - [12/Sep/2021:18:49:39 +0000] \"POST /v1/auth/token HTTP/1.1\" 401 31 \"-\" \"PostmanRuntime/7.28.4\"\n","ecs":{"version":"1.6.0"},"event":{"dataset":"commarray-backend.log"},"trace":{"id":"b95b3220ca2934b67a9ae5a18bb43aa9"},"transaction":{"id":"3d82b1fadd12f1b2"},"service":{"name":"commarray-backend"}}
{"@timestamp":"2021-09-12T18:49:40.513Z","log.level":"info","message":"::1 - - [12/Sep/2021:18:49:40 +0000] \"POST /v1/auth/token HTTP/1.1\" 401 31 \"-\" \"PostmanRuntime/7.28.4\"\n","ecs":{"version":"1.6.0"},"event":{"dataset":"commarray-backend.log"},"trace":{"id":"c9d7ef52e84059aa4a6a74a9da8d01fa"},"transaction":{"id":"4ab220946f3f8bdd"},"service":{"name":"commarray-backend"}}
{"@timestamp":"2021-09-12T18:49:41.473Z","log.level":"info","message":"::1 - - [12/Sep/2021:18:49:41 +0000] \"POST /v1/auth/token HTTP/1.1\" 401 31 \"-\" \"PostmanRuntime/7.28.4\"\n","ecs":{"version":"1.6.0"},"event":{"dataset":"commarray-backend.log"},"trace":{"id":"56465422b8a5f66993fef13ad4cf0dbb"},"transaction":{"id":"97ae7ccf13575db6"},"service":{"name":"commarray-backend"}}
{"@timestamp":"2021-09-12T18:49:42.538Z","log.level":"info","message":"::1 - - [12/Sep/2021:18:49:42 +0000] \"POST /v1/auth/token HTTP/1.1\" 401 31 \"-\" \"PostmanRuntime/7.28.4\"\n","ecs":{"version":"1.6.0"},"event":{"dataset":"commarray-backend.log"},"trace":{"id":"9c600cea8306aaaa0a9da8a42a543424"},"transaction":{"id":"16fae59d2a012de9"},"service":{"name":"commarray-backend"}}
{"@timestamp":"2021-09-12T18:49:43.316Z","log.level":"info","message":"::1 - - [12/Sep/2021:18:49:43 +0000] \"POST /v1/auth/token HTTP/1.1\" 401 31 \"-\" \"PostmanRuntime/7.28.4\"\n","ecs":{"version":"1.6.0"},"event":{"dataset":"commarray-backend.log"},"trace":{"id":"4adacaffef24257e5c190780868f48f0"},"transaction":{"id":"28e9703a3dc31fe1"},"service":{"name":"commarray-backend"}}
{"@timestamp":"2021-09-12T18:50:21.546Z","log.level":"info","message":"http listening on port 3000","ecs":{"version":"1.6.0"},"event":{"dataset":"commarray-backend.log"},"service":{"name":"commarray-backend"}}
{"@timestamp":"2021-09-12T18:50:28.259Z","log.level":"info","message":"::1 - - [12/Sep/2021:18:50:28 +0000] \"POST /v1/auth/token HTTP/1.1\" 200 172 \"-\" \"PostmanRuntime/7.28.4\"\n","ecs":{"version":"1.6.0"},"event":{"dataset":"commarray-backend.log"},"trace":{"id":"e9330b88a3bb8682d48763c415db6c99"},"transaction":{"id":"39a105010808f584"},"service":{"name":"commarray-backend"}}
{"@timestamp":"2021-09-12T18:50:34.695Z","log.level":"info","message":"mongodb connection successful","ecs":{"version":"1.6.0"},"event":{"dataset":"commarray-backend.log"},"service":{"name":"commarray-backend"}}
{"@timestamp":"2021-09-12T20:24:30.554Z","log.level":"info","message":"::1 - - [12/Sep/2021:20:24:30 +0000] \"POST /v1/auth/token HTTP/1.1\" 200 172 \"-\" \"PostmanRuntime/7.28.4\"\n","ecs":{"version":"1.6.0"},"event":{"dataset":"commarray-backend.log"},"trace":{"id":"e8bc7f7c9030931ddceb251bd7646be1"},"transaction":{"id":"25d020c3de50bc4e"},"service":{"name":"commarray-backend"}}
{"@timestamp":"2021-09-12T20:26:20.943Z","log.level":"info","message":"::1 - - [12/Sep/2021:20:26:20 +0000] \"POST /v1/auth/token HTTP/1.1\" 401 31 \"-\" \"PostmanRuntime/7.28.4\"\n","ecs":{"version":"1.6.0"},"event":{"dataset":"commarray-backend.log"},"trace":{"id":"8842e3735cfd53730961acb1ede890f2"},"transaction":{"id":"7235b9879d1d2e4d"},"service":{"name":"commarray-backend"}}
{"@timestamp":"2021-09-12T20:27:08.485Z","log.level":"info","message":"::1 - - [12/Sep/2021:20:27:08 +0000] \"POST /v1/auth/token HTTP/1.1\" 200 172 \"-\" \"PostmanRuntime/7.28.4\"\n","ecs":{"version":"1.6.0"},"event":{"dataset":"commarray-backend.log"},"trace":{"id":"4a51e137ac12302a7466d61036ec16a8"},"transaction":{"id":"431ab239b70aa228"},"service":{"name":"commarray-backend"}}
{"@timestamp":"2021-09-12T20:27:21.198Z","log.level":"info","message":"::1 - - [12/Sep/2021:20:27:21 +0000] \"POST /v1/auth/token HTTP/1.1\" 401 31 \"-\" \"PostmanRuntime/7.28.4\"\n","ecs":{"version":"1.6.0"},"event":{"dataset":"commarray-backend.log"},"trace":{"id":"c7915b61db6f63fd7d616aee92ae8e39"},"transaction":{"id":"7cc4d8b187d7cd53"},"service":{"name":"commarray-backend"}}
{"@timestamp":"2021-09-12T20:27:23.109Z","log.level":"info","message":"::1 - - [12/Sep/2021:20:27:23 +0000] \"POST /v1/auth/token HTTP/1.1\" 401 31 \"-\" \"PostmanRuntime/7.28.4\"\n","ecs":{"version":"1.6.0"},"event":{"dataset":"commarray-backend.log"},"trace":{"id":"a61a24c8fefdd3dce162afbe2b7478c1"},"transaction":{"id":"223eaadb7481200a"},"service":{"name":"commarray-backend"}}
{"@timestamp":"2021-09-12T20:31:12.615Z","log.level":"info","message":"::1 - - [12/Sep/2021:20:31:12 +0000] \"POST /v1/auth/token HTTP/1.1\" 200 172 \"-\" \"PostmanRuntime/7.28.4\"\n","ecs":{"version":"1.6.0"},"event":{"dataset":"commarray-backend.log"},"trace":{"id":"1172be78b7e69d0b248611c576a17e9c"},"transaction":{"id":"3732c263f408dcf4"},"service":{"name":"commarray-backend"}}
{"@timestamp":"2021-09-12T20:31:51.836Z","log.level":"info","message":"::1 - - [12/Sep/2021:20:31:51 +0000] \"POST /v1/admin/create HTTP/1.1\" - - \"-\" \"PostmanRuntime/7.28.4\"\n","ecs":{"version":"1.6.0"},"event":{"dataset":"commarray-backend.log"},"service":{"name":"commarray-backend"}}
{"@timestamp":"2021-09-12T20:33:46.347Z","log.level":"info","message":"http listening on port 3000","ecs":{"version":"1.6.0"},"event":{"dataset":"commarray-backend.log"},"service":{"name":"commarray-backend"}}
{"@timestamp":"2021-09-12T20:33:55.211Z","log.level":"info","message":"::1 - - [12/Sep/2021:20:33:55 +0000] \"POST /v1/auth/token HTTP/1.1\" 200 172 \"-\" \"PostmanRuntime/7.28.4\"\n","ecs":{"version":"1.6.0"},"event":{"dataset":"commarray-backend.log"},"trace":{"id":"e86b5ea1cf6dd4d52a5abfbb2baa02fd"},"transaction":{"id":"1cb7eecd79220c68"},"service":{"name":"commarray-backend"}}
{"@timestamp":"2021-09-12T20:34:01.271Z","log.level":"info","message":"mongodb connection successful","ecs":{"version":"1.6.0"},"event":{"dataset":"commarray-backend.log"},"service":{"name":"commarray-backend"}}
{"@timestamp":"2021-09-12T20:34:22.788Z","log.level":"info","message":"::1 - - [12/Sep/2021:20:34:22 +0000] \"POST /v1/admin/create HTTP/1.1\" 500 48 \"-\" \"PostmanRuntime/7.28.4\"\n","ecs":{"version":"1.6.0"},"event":{"dataset":"commarray-backend.log"},"trace":{"id":"64ec5227740b486e5230b969c1d83391"},"transaction":{"id":"132e5f18c7a8ceee"},"service":{"name":"commarray-backend"}}
{"@timestamp":"2021-09-12T20:36:06.728Z","log.level":"info","message":"http listening on port 3000","ecs":{"version":"1.6.0"},"event":{"dataset":"commarray-backend.log"},"service":{"name":"commarray-backend"}}
{"@timestamp":"2021-09-12T20:36:17.504Z","log.level":"info","message":"::1 - - [12/Sep/2021:20:36:17 +0000] \"POST /v1/auth/token HTTP/1.1\" 200 172 \"-\" \"PostmanRuntime/7.28.4\"\n","ecs":{"version":"1.6.0"},"event":{"dataset":"commarray-backend.log"},"trace":{"id":"041b69d917569d13ef2f8bd96c46ab65"},"transaction":{"id":"672b5565c1504177"},"service":{"name":"commarray-backend"}}
{"@timestamp":"2021-09-12T20:36:23.008Z","log.level":"info","message":"mongodb connection successful","ecs":{"version":"1.6.0"},"event":{"dataset":"commarray-backend.log"},"service":{"name":"commarray-backend"}}
{"@timestamp":"2021-09-12T20:36:45.677Z","log.level":"info","message":"::1 - - [12/Sep/2021:20:36:45 +0000] \"POST /v1/admin/create HTTP/1.1\" 500 48 \"-\" \"PostmanRuntime/7.28.4\"\n","ecs":{"version":"1.6.0"},"event":{"dataset":"commarray-backend.log"},"trace":{"id":"a30f0239f144ee69b7393c95bd0b5108"},"transaction":{"id":"4004d0a4b89d71a5"},"service":{"name":"commarray-backend"}}
{"@timestamp":"2021-09-12T20:36:47.767Z","log.level":"info","message":"::1 - - [12/Sep/2021:20:36:47 +0000] \"POST /v1/admin/create HTTP/1.1\" 500 48 \"-\" \"PostmanRuntime/7.28.4\"\n","ecs":{"version":"1.6.0"},"event":{"dataset":"commarray-backend.log"},"trace":{"id":"d8809e5f278af74fcc47cac3560d9f61"},"transaction":{"id":"a4a4427b0cb2bf04"},"service":{"name":"commarray-backend"}}
{"@timestamp":"2021-09-12T20:37:33.466Z","log.level":"info","message":"http listening on port 3000","ecs":{"version":"1.6.0"},"event":{"dataset":"commarray-backend.log"},"service":{"name":"commarray-backend"}}
{"@timestamp":"2021-09-12T20:38:01.452Z","log.level":"info","message":"http listening on port 3000","ecs":{"version":"1.6.0"},"event":{"dataset":"commarray-backend.log"},"service":{"name":"commarray-backend"}}
{"@timestamp":"2021-09-12T20:38:07.416Z","log.level":"info","message":"::1 - - [12/Sep/2021:20:38:07 +0000] \"POST /v1/admin/create HTTP/1.1\" 500 48 \"-\" \"PostmanRuntime/7.28.4\"\n","ecs":{"version":"1.6.0"},"event":{"dataset":"commarray-backend.log"},"trace":{"id":"e0c01acc044323071b1bae6863e69f88"},"transaction":{"id":"7970830ee64fc3d3"},"service":{"name":"commarray-backend"}}
{"@timestamp":"2021-09-12T20:38:17.868Z","log.level":"info","message":"mongodb connection successful","ecs":{"version":"1.6.0"},"event":{"dataset":"commarray-backend.log"},"service":{"name":"commarray-backend"}}
{"@timestamp":"2021-09-12T20:38:57.310Z","log.level":"info","message":"http listening on port 3000","ecs":{"version":"1.6.0"},"event":{"dataset":"commarray-backend.log"},"service":{"name":"commarray-backend"}}
{"@timestamp":"2021-09-12T20:39:13.673Z","log.level":"info","message":"mongodb connection successful","ecs":{"version":"1.6.0"},"event":{"dataset":"commarray-backend.log"},"service":{"name":"commarray-backend"}}
{"@timestamp":"2021-09-12T20:39:14.805Z","log.level":"info","message":"::1 - - [12/Sep/2021:20:39:14 +0000] \"POST /v1/admin/create HTTP/1.1\" 500 48 \"-\" \"PostmanRuntime/7.28.4\"\n","ecs":{"version":"1.6.0"},"event":{"dataset":"commarray-backend.log"},"trace":{"id":"2e69b37f1530bb43ae311ffc48e43339"},"transaction":{"id":"a892e9860957a02b"},"service":{"name":"commarray-backend"}}
{"@timestamp":"2021-09-12T20:42:33.029Z","log.level":"info","message":"::1 - - [12/Sep/2021:20:42:33 +0000] \"POST /v1/admin/create HTTP/1.1\" 500 48 \"-\" \"PostmanRuntime/7.28.4\"\n","ecs":{"version":"1.6.0"},"event":{"dataset":"commarray-backend.log"},"trace":{"id":"4493a88c59aae2988a8a7657138e128d"},"transaction":{"id":"4f1736e9788d0fe1"},"service":{"name":"commarray-backend"}}
{"@timestamp":"2021-09-12T20:43:34.543Z","log.level":"info","message":"http listening on port 3000","ecs":{"version":"1.6.0"},"event":{"dataset":"commarray-backend.log"},"service":{"name":"commarray-backend"}}
{"@timestamp":"2021-09-12T20:43:50.136Z","log.level":"info","message":"::1 - - [12/Sep/2021:20:43:50 +0000] \"POST /v1/admin/create HTTP/1.1\" 500 48 \"-\" \"PostmanRuntime/7.28.4\"\n","ecs":{"version":"1.6.0"},"event":{"dataset":"commarray-backend.log"},"trace":{"id":"c72e8a64b035dcbcf86714a9a941941a"},"transaction":{"id":"743bd01bc14d24c0"},"service":{"name":"commarray-backend"}}
{"@timestamp":"2021-09-12T20:43:50.849Z","log.level":"info","message":"mongodb connection successful","ecs":{"version":"1.6.0"},"event":{"dataset":"commarray-backend.log"},"service":{"name":"commarray-backend"}}
{"@timestamp":"2021-09-12T20:47:41.426Z","log.level":"info","message":"http listening on port 3000","ecs":{"version":"1.6.0"},"event":{"dataset":"commarray-backend.log"},"service":{"name":"commarray-backend"}}
{"@timestamp":"2021-09-12T20:47:57.764Z","log.level":"info","message":"mongodb connection successful","ecs":{"version":"1.6.0"},"event":{"dataset":"commarray-backend.log"},"service":{"name":"commarray-backend"}}
{"@timestamp":"2021-09-12T20:47:58.873Z","log.level":"info","message":"::1 - - [12/Sep/2021:20:47:58 +0000] \"POST /v1/admin/create HTTP/1.1\" 500 48 \"-\" \"PostmanRuntime/7.28.4\"\n","ecs":{"version":"1.6.0"},"event":{"dataset":"commarray-backend.log"},"trace":{"id":"07121317cdf87afd07c285afe6e1a931"},"transaction":{"id":"cef0c11808424ca5"},"service":{"name":"commarray-backend"}}
{"@timestamp":"2021-09-12T20:50:08.676Z","log.level":"info","message":"http listening on port 3000","ecs":{"version":"1.6.0"},"event":{"dataset":"commarray-backend.log"},"service":{"name":"commarray-backend"}}
{"@timestamp":"2021-09-12T20:50:24.809Z","log.level":"info","message":"mongodb connection successful","ecs":{"version":"1.6.0"},"event":{"dataset":"commarray-backend.log"},"service":{"name":"commarray-backend"}}
{"@timestamp":"2021-09-12T20:50:50.098Z","log.level":"info","message":"http listening on port 3000","ecs":{"version":"1.6.0"},"event":{"dataset":"commarray-backend.log"},"service":{"name":"commarray-backend"}}
{"@timestamp":"2021-09-12T20:51:06.313Z","log.level":"info","message":"mongodb connection successful","ecs":{"version":"1.6.0"},"event":{"dataset":"commarray-backend.log"},"service":{"name":"commarray-backend"}}
{"@timestamp":"2021-09-12T20:51:07.423Z","log.level":"info","message":"::1 - - [12/Sep/2021:20:51:07 +0000] \"POST /v1/admin/create HTTP/1.1\" 500 48 \"-\" \"PostmanRuntime/7.28.4\"\n","ecs":{"version":"1.6.0"},"event":{"dataset":"commarray-backend.log"},"trace":{"id":"a2eda7e92dc93c6c8857bc5bfce2c734"},"transaction":{"id":"956e66f258cbb3db"},"service":{"name":"commarray-backend"}}
{"@timestamp":"2021-09-12T20:52:26.187Z","log.level":"info","message":"http listening on port 3000","ecs":{"version":"1.6.0"},"event":{"dataset":"commarray-backend.log"},"service":{"name":"commarray-backend"}}
{"@timestamp":"2021-09-12T20:53:17.216Z","log.level":"info","message":"http listening on port 3000","ecs":{"version":"1.6.0"},"event":{"dataset":"commarray-backend.log"},"service":{"name":"commarray-backend"}}
{"@timestamp":"2021-09-12T20:53:33.455Z","log.level":"info","message":"mongodb connection successful","ecs":{"version":"1.6.0"},"event":{"dataset":"commarray-backend.log"},"service":{"name":"commarray-backend"}}
{"@timestamp":"2021-09-12T20:53:36.122Z","log.level":"info","message":"::1 - - [12/Sep/2021:20:53:36 +0000] \"POST /v1/admin/create HTTP/1.1\" 500 48 \"-\" \"PostmanRuntime/7.28.4\"\n","ecs":{"version":"1.6.0"},"event":{"dataset":"commarray-backend.log"},"trace":{"id":"d17e8f417e7bf57274b86677c0e8bf30"},"transaction":{"id":"5a12bc4f3294edc6"},"service":{"name":"commarray-backend"}}
{"@timestamp":"2021-09-12T20:54:15.786Z","log.level":"info","message":"http listening on port 3000","ecs":{"version":"1.6.0"},"event":{"dataset":"commarray-backend.log"},"service":{"name":"commarray-backend"}}
{"@timestamp":"2021-09-12T20:54:31.996Z","log.level":"info","message":"mongodb connection successful","ecs":{"version":"1.6.0"},"event":{"dataset":"commarray-backend.log"},"service":{"name":"commarray-backend"}}
{"@timestamp":"2021-09-12T20:54:41.038Z","log.level":"info","message":"::1 - - [12/Sep/2021:20:54:41 +0000] \"POST /v1/admin/create HTTP/1.1\" 200 1147 \"-\" \"PostmanRuntime/7.28.4\"\n","ecs":{"version":"1.6.0"},"event":{"dataset":"commarray-backend.log"},"trace":{"id":"d6b45ddde56a41b67aa92a51a80dcfb0"},"transaction":{"id":"dd3c4305302b9997"},"service":{"name":"commarray-backend"}}
{"@timestamp":"2021-09-12T20:59:09.953Z","log.level":"info","message":"http listening on port 3000","ecs":{"version":"1.6.0"},"event":{"dataset":"commarray-backend.log"},"service":{"name":"commarray-backend"}}
{"@timestamp":"2021-09-12T20:59:19.068Z","log.level":"info","message":"::1 - - [12/Sep/2021:20:59:19 +0000] \"POST /v1/auth/token HTTP/1.1\" 200 172 \"-\" \"PostmanRuntime/7.28.4\"\n","ecs":{"version":"1.6.0"},"event":{"dataset":"commarray-backend.log"},"trace":{"id":"20a5cb6519b77463f7f6bb1ab880adcd"},"transaction":{"id":"e8898f67bac5dfc9"},"service":{"name":"commarray-backend"}}
{"@timestamp":"2021-09-12T20:59:26.156Z","log.level":"info","message":"mongodb connection successful","ecs":{"version":"1.6.0"},"event":{"dataset":"commarray-backend.log"},"service":{"name":"commarray-backend"}}
{"@timestamp":"2021-09-12T20:59:35.052Z","log.level":"info","message":"::1 - - [12/Sep/2021:20:59:35 +0000] \"POST /v1/admin/create HTTP/1.1\" 200 40 \"-\" \"PostmanRuntime/7.28.4\"\n","ecs":{"version":"1.6.0"},"event":{"dataset":"commarray-backend.log"},"trace":{"id":"eb155b958fece346c34dbc491ee1c442"},"transaction":{"id":"2b04283dcfbd58f5"},"service":{"name":"commarray-backend"}}
{"@timestamp":"2021-09-13T04:50:46.298Z","log.level":"info","message":"http listening on port 3000","ecs":{"version":"1.6.0"},"event":{"dataset":"commarray-backend.log"},"service":{"name":"commarray-backend"}}
{"@timestamp":"2021-09-13T04:51:02.970Z","log.level":"info","message":"mongodb connection successful","ecs":{"version":"1.6.0"},"event":{"dataset":"commarray-backend.log"},"service":{"name":"commarray-backend"}}
{"@timestamp":"2021-09-13T04:53:07.483Z","log.level":"info","message":"http listening on port 3000","ecs":{"version":"1.6.0"},"event":{"dataset":"commarray-backend.log"},"service":{"name":"commarray-backend"}}
{"@timestamp":"2021-09-13T04:53:25.318Z","log.level":"info","message":"mongodb connection successful","ecs":{"version":"1.6.0"},"event":{"dataset":"commarray-backend.log"},"service":{"name":"commarray-backend"}}
{"@timestamp":"2021-09-13T04:54:14.146Z","log.level":"info","message":"::ffff:127.0.0.1 - - [13/Sep/2021:04:54:14 +0000] \"GET / HTTP/1.1\" 200 14 \"-\" \"Mozilla/5.0 (Windows NT 10.0; Win64; x64; rv:92.0) Gecko/20100101 Firefox/92.0\"\n","ecs":{"version":"1.6.0"},"event":{"dataset":"commarray-backend.log"},"trace":{"id":"107aed3ff38017c47b9c195c22b9ac75"},"transaction":{"id":"3cc63821a197f995"},"service":{"name":"commarray-backend"}}
{"@timestamp":"2021-09-13T04:55:20.066Z","log.level":"info","message":"http listening on port 3000","ecs":{"version":"1.6.0"},"event":{"dataset":"commarray-backend.log"},"service":{"name":"commarray-backend"}}
{"@timestamp":"2021-09-13T04:55:36.736Z","log.level":"info","message":"mongodb connection successful","ecs":{"version":"1.6.0"},"event":{"dataset":"commarray-backend.log"},"service":{"name":"commarray-backend"}}
{"@timestamp":"2021-09-13T04:56:56.535Z","log.level":"info","message":"::1 - - [13/Sep/2021:04:56:56 +0000] \"POST /v1/register HTTP/1.1\" 500 48 \"-\" \"PostmanRuntime/7.28.4\"\n","ecs":{"version":"1.6.0"},"event":{"dataset":"commarray-backend.log"},"trace":{"id":"03e486e4175ac7611d572e549ab21dd1"},"transaction":{"id":"dbfac4e66f408f63"},"service":{"name":"commarray-backend"}}
{"@timestamp":"2021-09-13T05:00:35.908Z","log.level":"info","message":"http listening on port 3000","ecs":{"version":"1.6.0"},"event":{"dataset":"commarray-backend.log"},"service":{"name":"commarray-backend"}}
{"@timestamp":"2021-09-13T05:00:41.143Z","log.level":"info","message":"::1 - - [13/Sep/2021:05:00:41 +0000] \"POST /v1/register HTTP/1.1\" 500 48 \"-\" \"PostmanRuntime/7.28.4\"\n","ecs":{"version":"1.6.0"},"event":{"dataset":"commarray-backend.log"},"trace":{"id":"944713d014b38cacd59ba74b0e617ac8"},"transaction":{"id":"81ee6df4371c1de1"},"service":{"name":"commarray-backend"}}
{"@timestamp":"2021-09-13T05:00:52.669Z","log.level":"info","message":"mongodb connection successful","ecs":{"version":"1.6.0"},"event":{"dataset":"commarray-backend.log"},"service":{"name":"commarray-backend"}}
{"@timestamp":"2021-09-13T05:01:34.302Z","log.level":"info","message":"::1 - - [13/Sep/2021:05:01:34 +0000] \"POST /v1/register HTTP/1.1\" 500 48 \"-\" \"PostmanRuntime/7.28.4\"\n","ecs":{"version":"1.6.0"},"event":{"dataset":"commarray-backend.log"},"trace":{"id":"4a3b32736ff93ad7dcb3b3584619a81a"},"transaction":{"id":"4d49a0e0a11c140f"},"service":{"name":"commarray-backend"}}
{"@timestamp":"2021-09-13T05:01:48.312Z","log.level":"info","message":"http listening on port 3000","ecs":{"version":"1.6.0"},"event":{"dataset":"commarray-backend.log"},"service":{"name":"commarray-backend"}}
{"@timestamp":"2021-09-13T05:01:52.527Z","log.level":"info","message":"::1 - - [13/Sep/2021:05:01:52 +0000] \"POST /v1/register HTTP/1.1\" 500 48 \"-\" \"PostmanRuntime/7.28.4\"\n","ecs":{"version":"1.6.0"},"event":{"dataset":"commarray-backend.log"},"trace":{"id":"3d965ba3316dd4f9d71116ce3ca381a2"},"transaction":{"id":"09ae3ad2b1ee61ac"},"service":{"name":"commarray-backend"}}
{"@timestamp":"2021-09-13T05:02:04.982Z","log.level":"info","message":"mongodb connection successful","ecs":{"version":"1.6.0"},"event":{"dataset":"commarray-backend.log"},"service":{"name":"commarray-backend"}}
{"@timestamp":"2021-09-13T05:04:38.203Z","log.level":"info","message":"http listening on port 3000","ecs":{"version":"1.6.0"},"event":{"dataset":"commarray-backend.log"},"service":{"name":"commarray-backend"}}
{"@timestamp":"2021-09-13T05:04:55.111Z","log.level":"info","message":"mongodb connection successful","ecs":{"version":"1.6.0"},"event":{"dataset":"commarray-backend.log"},"service":{"name":"commarray-backend"}}
{"@timestamp":"2021-09-13T05:04:56.078Z","log.level":"info","message":"::1 - - [13/Sep/2021:05:04:56 +0000] \"POST /v1/register HTTP/1.1\" 200 35 \"-\" \"PostmanRuntime/7.28.4\"\n","ecs":{"version":"1.6.0"},"event":{"dataset":"commarray-backend.log"},"trace":{"id":"a7eb24ea89814b87d2ea8459ba3e011b"},"transaction":{"id":"872e02a13a8d7f5b"},"service":{"name":"commarray-backend"}}
{"@timestamp":"2021-09-13T05:07:25.374Z","log.level":"info","message":"http listening on port 3000","ecs":{"version":"1.6.0"},"event":{"dataset":"commarray-backend.log"},"service":{"name":"commarray-backend"}}
{"@timestamp":"2021-09-13T05:07:43.232Z","log.level":"info","message":"mongodb connection successful","ecs":{"version":"1.6.0"},"event":{"dataset":"commarray-backend.log"},"service":{"name":"commarray-backend"}}
{"@timestamp":"2021-09-13T05:07:44.165Z","log.level":"info","message":"::1 - - [13/Sep/2021:05:07:44 +0000] \"POST /v1/register HTTP/1.1\" 200 35 \"-\" \"PostmanRuntime/7.28.4\"\n","ecs":{"version":"1.6.0"},"event":{"dataset":"commarray-backend.log"},"trace":{"id":"21aac285bbb30a4170d04ebc64cf2b48"},"transaction":{"id":"8f55a0c230d3d37e"},"service":{"name":"commarray-backend"}}
{"@timestamp":"2021-09-13T06:02:25.352Z","log.level":"info","message":"::1 - - [13/Sep/2021:06:02:25 +0000] \"POST /v1/auth/token HTTP/1.1\" 200 172 \"-\" \"PostmanRuntime/7.28.4\"\n","ecs":{"version":"1.6.0"},"event":{"dataset":"commarray-backend.log"},"trace":{"id":"06d7d094bf30dcd56be6821670e89a98"},"transaction":{"id":"7520811ea18f4689"},"service":{"name":"commarray-backend"}}
{"@timestamp":"2021-09-13T06:03:43.419Z","log.level":"info","message":"::1 - - [13/Sep/2021:06:03:43 +0000] \"POST /v1/auth/token HTTP/1.1\" 200 172 \"-\" \"PostmanRuntime/7.28.4\"\n","ecs":{"version":"1.6.0"},"event":{"dataset":"commarray-backend.log"},"trace":{"id":"a9cf093785f426c9d2a231439acb39de"},"transaction":{"id":"c33a427d34e11823"},"service":{"name":"commarray-backend"}}
{"@timestamp":"2021-09-13T06:04:23.267Z","log.level":"info","message":"::1 - - [13/Sep/2021:06:04:23 +0000] \"POST /v1/admin/login HTTP/1.1\" - - \"-\" \"PostmanRuntime/7.28.4\"\n","ecs":{"version":"1.6.0"},"event":{"dataset":"commarray-backend.log"},"service":{"name":"commarray-backend"}}
{"@timestamp":"2021-09-13T06:05:21.101Z","log.level":"info","message":"http listening on port 3000","ecs":{"version":"1.6.0"},"event":{"dataset":"commarray-backend.log"},"service":{"name":"commarray-backend"}}
{"@timestamp":"2021-09-13T06:05:38.487Z","log.level":"info","message":"mongodb connection successful","ecs":{"version":"1.6.0"},"event":{"dataset":"commarray-backend.log"},"service":{"name":"commarray-backend"}}
{"@timestamp":"2021-09-13T06:05:39.030Z","log.level":"info","message":"::1 - - [13/Sep/2021:06:05:39 +0000] \"POST /v1/auth/token HTTP/1.1\" 200 172 \"-\" \"PostmanRuntime/7.28.4\"\n","ecs":{"version":"1.6.0"},"event":{"dataset":"commarray-backend.log"},"trace":{"id":"5cecbf5f5ffc26ba09527b0077192c72"},"transaction":{"id":"321aa469212af164"},"service":{"name":"commarray-backend"}}
{"@timestamp":"2021-09-13T06:05:59.508Z","log.level":"info","message":"::1 - - [13/Sep/2021:06:05:59 +0000] \"POST /v1/admin/login HTTP/1.1\" 500 48 \"-\" \"PostmanRuntime/7.28.4\"\n","ecs":{"version":"1.6.0"},"event":{"dataset":"commarray-backend.log"},"trace":{"id":"304672a01df18f98c19b9dea66acd8b2"},"transaction":{"id":"b3452dec93bc3db4"},"service":{"name":"commarray-backend"}}
{"@timestamp":"2021-09-13T06:06:46.859Z","log.level":"info","message":"http listening on port 3000","ecs":{"version":"1.6.0"},"event":{"dataset":"commarray-backend.log"},"service":{"name":"commarray-backend"}}
{"@timestamp":"2021-09-13T06:06:56.102Z","log.level":"info","message":"::1 - - [13/Sep/2021:06:06:56 +0000] \"POST /v1/auth/token HTTP/1.1\" 200 172 \"-\" \"PostmanRuntime/7.28.4\"\n","ecs":{"version":"1.6.0"},"event":{"dataset":"commarray-backend.log"},"trace":{"id":"8ca853d25d164be733f81b00985be737"},"transaction":{"id":"a896d694039483ab"},"service":{"name":"commarray-backend"}}
{"@timestamp":"2021-09-13T06:07:05.508Z","log.level":"info","message":"mongodb connection successful","ecs":{"version":"1.6.0"},"event":{"dataset":"commarray-backend.log"},"service":{"name":"commarray-backend"}}
{"@timestamp":"2021-09-13T06:07:09.731Z","log.level":"info","message":"::1 - - [13/Sep/2021:06:07:09 +0000] \"POST /v1/admin/login HTTP/1.1\" 500 48 \"-\" \"PostmanRuntime/7.28.4\"\n","ecs":{"version":"1.6.0"},"event":{"dataset":"commarray-backend.log"},"trace":{"id":"a8881d57f3a10f98b44c57d17f16636a"},"transaction":{"id":"cabef427fff8abba"},"service":{"name":"commarray-backend"}}
{"@timestamp":"2021-09-13T06:08:22.441Z","log.level":"info","message":"http listening on port 3000","ecs":{"version":"1.6.0"},"event":{"dataset":"commarray-backend.log"},"service":{"name":"commarray-backend"}}
{"@timestamp":"2021-09-13T06:08:39.039Z","log.level":"info","message":"mongodb connection successful","ecs":{"version":"1.6.0"},"event":{"dataset":"commarray-backend.log"},"service":{"name":"commarray-backend"}}
{"@timestamp":"2021-09-13T06:08:40.034Z","log.level":"info","message":"::1 - - [13/Sep/2021:06:08:40 +0000] \"POST /v1/auth/token HTTP/1.1\" 200 172 \"-\" \"PostmanRuntime/7.28.4\"\n","ecs":{"version":"1.6.0"},"event":{"dataset":"commarray-backend.log"},"trace":{"id":"5f8856972eb2c4a272131b9048c90d98"},"transaction":{"id":"fb47732a03d8a02e"},"service":{"name":"commarray-backend"}}
{"@timestamp":"2021-09-13T06:09:13.821Z","log.level":"info","message":"::1 - - [13/Sep/2021:06:09:13 +0000] \"POST /v1/admin/login HTTP/1.1\" 200 475 \"-\" \"PostmanRuntime/7.28.4\"\n","ecs":{"version":"1.6.0"},"event":{"dataset":"commarray-backend.log"},"trace":{"id":"26cf500aeed64b9f505d6c8d0a8a463e"},"transaction":{"id":"6f82d83c32493bf2"},"service":{"name":"commarray-backend"}}
{"@timestamp":"2021-09-13T06:09:37.744Z","log.level":"info","message":"http listening on port 3000","ecs":{"version":"1.6.0"},"event":{"dataset":"commarray-backend.log"},"service":{"name":"commarray-backend"}}
{"@timestamp":"2021-09-13T06:09:54.118Z","log.level":"info","message":"::1 - - [13/Sep/2021:06:09:54 +0000] \"POST /v1/admin/login HTTP/1.1\" - - \"-\" \"PostmanRuntime/7.28.4\"\n","ecs":{"version":"1.6.0"},"event":{"dataset":"commarray-backend.log"},"service":{"name":"commarray-backend"}}
{"@timestamp":"2021-09-13T06:09:54.355Z","log.level":"info","message":"mongodb connection successful","ecs":{"version":"1.6.0"},"event":{"dataset":"commarray-backend.log"},"service":{"name":"commarray-backend"}}
{"@timestamp":"2021-09-13T06:09:57.612Z","log.level":"info","message":"::1 - - [13/Sep/2021:06:09:57 +0000] \"POST /v1/auth/token HTTP/1.1\" 200 172 \"-\" \"PostmanRuntime/7.28.4\"\n","ecs":{"version":"1.6.0"},"event":{"dataset":"commarray-backend.log"},"trace":{"id":"12417aaef96a80e2a2d3f423ce07391d"},"transaction":{"id":"6ca4fb6075a20e8b"},"service":{"name":"commarray-backend"}}
{"@timestamp":"2021-09-13T06:10:17.418Z","log.level":"info","message":"::1 - - [13/Sep/2021:06:10:17 +0000] \"POST /v1/admin/login HTTP/1.1\" 200 858 \"-\" \"PostmanRuntime/7.28.4\"\n","ecs":{"version":"1.6.0"},"event":{"dataset":"commarray-backend.log"},"trace":{"id":"393f7d7ca0f6166ecc547d4fdc84688b"},"transaction":{"id":"36a387a4bb4a8dc8"},"service":{"name":"commarray-backend"}}
{"@timestamp":"2021-09-13T06:11:25.838Z","log.level":"info","message":"::1 - - [13/Sep/2021:06:11:25 +0000] \"POST /v1/admin/login HTTP/1.1\" 200 858 \"-\" \"PostmanRuntime/7.28.4\"\n","ecs":{"version":"1.6.0"},"event":{"dataset":"commarray-backend.log"},"trace":{"id":"0836212dcadb49b068f5b896aa7ed4e4"},"transaction":{"id":"4f5f002a1baabd4f"},"service":{"name":"commarray-backend"}}
{"@timestamp":"2021-09-13T06:11:32.891Z","log.level":"info","message":"http listening on port 3000","ecs":{"version":"1.6.0"},"event":{"dataset":"commarray-backend.log"},"service":{"name":"commarray-backend"}}
{"@timestamp":"2021-09-13T06:11:49.610Z","log.level":"info","message":"mongodb connection successful","ecs":{"version":"1.6.0"},"event":{"dataset":"commarray-backend.log"},"service":{"name":"commarray-backend"}}
{"@timestamp":"2021-09-13T06:11:51.050Z","log.level":"info","message":"::1 - - [13/Sep/2021:06:11:51 +0000] \"POST /v1/admin/login HTTP/1.1\" 200 508 \"-\" \"PostmanRuntime/7.28.4\"\n","ecs":{"version":"1.6.0"},"event":{"dataset":"commarray-backend.log"},"trace":{"id":"f86e0465270434d9edefee3640fc9f5f"},"transaction":{"id":"8bb0bdbd5de9efd5"},"service":{"name":"commarray-backend"}}
{"@timestamp":"2021-09-13T06:12:01.169Z","log.level":"info","message":"::1 - - [13/Sep/2021:06:12:01 +0000] \"POST /v1/admin/login HTTP/1.1\" 200 44 \"-\" \"PostmanRuntime/7.28.4\"\n","ecs":{"version":"1.6.0"},"event":{"dataset":"commarray-backend.log"},"trace":{"id":"e6b546f769716dc0e4f2b52b7cdec59c"},"transaction":{"id":"4f5ea4d4ff760331"},"service":{"name":"commarray-backend"}}
{"@timestamp":"2021-09-13T06:12:15.573Z","log.level":"info","message":"::1 - - [13/Sep/2021:06:12:15 +0000] \"POST /v1/admin/login HTTP/1.1\" 200 44 \"-\" \"PostmanRuntime/7.28.4\"\n","ecs":{"version":"1.6.0"},"event":{"dataset":"commarray-backend.log"},"trace":{"id":"7ad340935896dc503532a99603bd6fac"},"transaction":{"id":"ddd1acd968b45c0c"},"service":{"name":"commarray-backend"}}
{"@timestamp":"2021-09-13T07:08:56.061Z","log.level":"info","message":"http listening on port 3000","ecs":{"version":"1.6.0"},"event":{"dataset":"commarray-backend.log"},"service":{"name":"commarray-backend"}}
{"@timestamp":"2021-09-13T07:09:11.299Z","log.level":"info","message":"mongodb connection successful","ecs":{"version":"1.6.0"},"event":{"dataset":"commarray-backend.log"},"service":{"name":"commarray-backend"}}
{"@timestamp":"2021-09-13T07:09:20.813Z","log.level":"info","message":"::1 - - [13/Sep/2021:07:09:20 +0000] \"GET /v1/request HTTP/1.1\" 404 149 \"-\" \"PostmanRuntime/7.28.4\"\n","ecs":{"version":"1.6.0"},"event":{"dataset":"commarray-backend.log"},"trace":{"id":"666dfeb23a4825e1d3a35a38b2ab1fcf"},"transaction":{"id":"50e789f8befaa050"},"service":{"name":"commarray-backend"}}
{"@timestamp":"2021-09-13T07:10:21.705Z","log.level":"info","message":"::1 - - [13/Sep/2021:07:10:21 +0000] \"GET /v1/register/requests HTTP/1.1\" 500 48 \"-\" \"PostmanRuntime/7.28.4\"\n","ecs":{"version":"1.6.0"},"event":{"dataset":"commarray-backend.log"},"trace":{"id":"bcbecfd8812103f8337c5848179031e2"},"transaction":{"id":"74b1f5f2ef28254c"},"service":{"name":"commarray-backend"}}
{"@timestamp":"2021-09-13T07:11:12.259Z","log.level":"info","message":"http listening on port 3000","ecs":{"version":"1.6.0"},"event":{"dataset":"commarray-backend.log"},"service":{"name":"commarray-backend"}}
{"@timestamp":"2021-09-13T07:11:28.973Z","log.level":"info","message":"mongodb connection successful","ecs":{"version":"1.6.0"},"event":{"dataset":"commarray-backend.log"},"service":{"name":"commarray-backend"}}
{"@timestamp":"2021-09-13T07:11:31.367Z","log.level":"info","message":"::1 - - [13/Sep/2021:07:11:31 +0000] \"GET /v1/register/requests HTTP/1.1\" 500 48 \"-\" \"PostmanRuntime/7.28.4\"\n","ecs":{"version":"1.6.0"},"event":{"dataset":"commarray-backend.log"},"trace":{"id":"8826ceee1a167d40e15416f5cc2ec304"},"transaction":{"id":"a77e50697972fb0f"},"service":{"name":"commarray-backend"}}
{"@timestamp":"2021-09-13T07:12:06.493Z","log.level":"info","message":"::1 - - [13/Sep/2021:07:12:06 +0000] \"GET /v1/register/requests HTTP/1.1\" 500 48 \"-\" \"PostmanRuntime/7.28.4\"\n","ecs":{"version":"1.6.0"},"event":{"dataset":"commarray-backend.log"},"trace":{"id":"721ac2e32d3cb87fea645e9688d922a8"},"transaction":{"id":"a93afe002b61e88b"},"service":{"name":"commarray-backend"}}
{"@timestamp":"2021-09-13T07:16:07.597Z","log.level":"info","message":"http listening on port 3000","ecs":{"version":"1.6.0"},"event":{"dataset":"commarray-backend.log"},"service":{"name":"commarray-backend"}}
{"@timestamp":"2021-09-13T07:16:23.686Z","log.level":"info","message":"::1 - - [13/Sep/2021:07:16:23 +0000] \"GET /v1/register/requests HTTP/1.1\" 500 48 \"-\" \"PostmanRuntime/7.28.4\"\n","ecs":{"version":"1.6.0"},"event":{"dataset":"commarray-backend.log"},"trace":{"id":"8d4316e2d0adff9832ae6e8f1c5c03e4"},"transaction":{"id":"939c078566bfe19d"},"service":{"name":"commarray-backend"}}
{"@timestamp":"2021-09-13T07:16:24.151Z","log.level":"info","message":"mongodb connection successful","ecs":{"version":"1.6.0"},"event":{"dataset":"commarray-backend.log"},"service":{"name":"commarray-backend"}}
{"@timestamp":"2021-09-13T07:18:06.037Z","log.level":"info","message":"http listening on port 3000","ecs":{"version":"1.6.0"},"event":{"dataset":"commarray-backend.log"},"service":{"name":"commarray-backend"}}
{"@timestamp":"2021-09-13T07:18:22.793Z","log.level":"info","message":"mongodb connection successful","ecs":{"version":"1.6.0"},"event":{"dataset":"commarray-backend.log"},"service":{"name":"commarray-backend"}}
{"@timestamp":"2021-09-13T07:18:23.788Z","log.level":"info","message":"::1 - - [13/Sep/2021:07:18:23 +0000] \"GET /v1/register/requests HTTP/1.1\" 200 215 \"-\" \"PostmanRuntime/7.28.4\"\n","ecs":{"version":"1.6.0"},"event":{"dataset":"commarray-backend.log"},"trace":{"id":"aa4674999f21bfcfcaad0729b76f923c"},"transaction":{"id":"182f5f59bbac8319"},"service":{"name":"commarray-backend"}}
{"@timestamp":"2021-09-13T07:20:45.208Z","log.level":"info","message":"http listening on port 3000","ecs":{"version":"1.6.0"},"event":{"dataset":"commarray-backend.log"},"service":{"name":"commarray-backend"}}
{"@timestamp":"2021-09-13T07:21:01.708Z","log.level":"info","message":"mongodb connection successful","ecs":{"version":"1.6.0"},"event":{"dataset":"commarray-backend.log"},"service":{"name":"commarray-backend"}}
{"@timestamp":"2021-09-13T07:21:02.616Z","log.level":"info","message":"::1 - - [13/Sep/2021:07:21:02 +0000] \"GET /v1/register/requests HTTP/1.1\" 200 215 \"-\" \"PostmanRuntime/7.28.4\"\n","ecs":{"version":"1.6.0"},"event":{"dataset":"commarray-backend.log"},"trace":{"id":"8e88bb4d2bbd9725622bfb710c482052"},"transaction":{"id":"18b8d82dba006aea"},"service":{"name":"commarray-backend"}}
{"@timestamp":"2021-09-13T09:03:13.086Z","log.level":"info","message":"http listening on port 3000","ecs":{"version":"1.6.0"},"event":{"dataset":"commarray-backend.log"},"service":{"name":"commarray-backend"}}
{"@timestamp":"2021-09-13T09:03:28.181Z","log.level":"info","message":"mongodb connection successful","ecs":{"version":"1.6.0"},"event":{"dataset":"commarray-backend.log"},"service":{"name":"commarray-backend"}}
{"@timestamp":"2021-09-13T09:04:42.326Z","log.level":"info","message":"::ffff:127.0.0.1 - - [13/Sep/2021:09:04:42 +0000] \"GET / HTTP/1.1\" 200 14 \"-\" \"Mozilla/5.0 (Windows NT 10.0; Win64; x64; rv:92.0) Gecko/20100101 Firefox/92.0\"\n","ecs":{"version":"1.6.0"},"event":{"dataset":"commarray-backend.log"},"trace":{"id":"c74a9b7836483319d9510a62b801c827"},"transaction":{"id":"7833e30cd837e682"},"service":{"name":"commarray-backend"}}
{"@timestamp":"2021-09-13T09:05:06.621Z","log.level":"info","message":"::1 - - [13/Sep/2021:09:05:06 +0000] \"POST /v1/admin/approve HTTP/1.1\" 401 64 \"-\" \"PostmanRuntime/7.28.4\"\n","ecs":{"version":"1.6.0"},"event":{"dataset":"commarray-backend.log"},"trace":{"id":"84fb3ac283ec84ec03ddf2d6c88a3201"},"transaction":{"id":"d598da9c56bfa04a"},"service":{"name":"commarray-backend"}}
{"@timestamp":"2021-09-13T09:05:18.660Z","log.level":"info","message":"http listening on port 3000","ecs":{"version":"1.6.0"},"event":{"dataset":"commarray-backend.log"},"service":{"name":"commarray-backend"}}
{"@timestamp":"2021-09-13T09:05:24.229Z","log.level":"info","message":"::1 - - [13/Sep/2021:09:05:24 +0000] \"POST /v1/admin/approve HTTP/1.1\" 500 48 \"-\" \"PostmanRuntime/7.28.4\"\n","ecs":{"version":"1.6.0"},"event":{"dataset":"commarray-backend.log"},"trace":{"id":"e0ec797cc0faf8492186e656ff309c85"},"transaction":{"id":"ec2f74cdb840af3e"},"service":{"name":"commarray-backend"}}
{"@timestamp":"2021-09-13T09:05:35.243Z","log.level":"info","message":"mongodb connection successful","ecs":{"version":"1.6.0"},"event":{"dataset":"commarray-backend.log"},"service":{"name":"commarray-backend"}}
{"@timestamp":"2021-09-13T09:05:55.551Z","log.level":"info","message":"::1 - - [13/Sep/2021:09:05:55 +0000] \"POST /v1/admin/approve HTTP/1.1\" 500 48 \"-\" \"PostmanRuntime/7.28.4\"\n","ecs":{"version":"1.6.0"},"event":{"dataset":"commarray-backend.log"},"trace":{"id":"cf4c5b2fb53d4feab1cb16e21ac6a31a"},"transaction":{"id":"c51e3e5d235ff826"},"service":{"name":"commarray-backend"}}
{"@timestamp":"2021-09-13T09:06:03.731Z","log.level":"info","message":"http listening on port 3000","ecs":{"version":"1.6.0"},"event":{"dataset":"commarray-backend.log"},"service":{"name":"commarray-backend"}}
{"@timestamp":"2021-09-13T09:06:17.315Z","log.level":"info","message":"::1 - - [13/Sep/2021:09:06:17 +0000] \"POST /v1/admin/approve HTTP/1.1\" 500 48 \"-\" \"PostmanRuntime/7.28.4\"\n","ecs":{"version":"1.6.0"},"event":{"dataset":"commarray-backend.log"},"trace":{"id":"ac171fcac0dc0b094fac4dcc5a066d37"},"transaction":{"id":"8dca62f99e110a51"},"service":{"name":"commarray-backend"}}
{"@timestamp":"2021-09-13T09:06:20.319Z","log.level":"info","message":"mongodb connection successful","ecs":{"version":"1.6.0"},"event":{"dataset":"commarray-backend.log"},"service":{"name":"commarray-backend"}}
{"@timestamp":"2021-09-13T09:07:37.051Z","log.level":"info","message":"http listening on port 3000","ecs":{"version":"1.6.0"},"event":{"dataset":"commarray-backend.log"},"service":{"name":"commarray-backend"}}
{"@timestamp":"2021-09-13T09:07:53.601Z","log.level":"info","message":"mongodb connection successful","ecs":{"version":"1.6.0"},"event":{"dataset":"commarray-backend.log"},"service":{"name":"commarray-backend"}}
{"@timestamp":"2021-09-13T09:07:54.514Z","log.level":"info","message":"::1 - - [13/Sep/2021:09:07:54 +0000] \"POST /v1/admin/approve HTTP/1.1\" 500 48 \"-\" \"PostmanRuntime/7.28.4\"\n","ecs":{"version":"1.6.0"},"event":{"dataset":"commarray-backend.log"},"trace":{"id":"2f9f5e118d3da004f48953f9784b0d55"},"transaction":{"id":"fa5c6fc19fdf6d65"},"service":{"name":"commarray-backend"}}
{"@timestamp":"2021-09-13T09:15:22.120Z","log.level":"info","message":"http listening on port 3000","ecs":{"version":"1.6.0"},"event":{"dataset":"commarray-backend.log"},"service":{"name":"commarray-backend"}}
{"@timestamp":"2021-09-13T09:15:38.868Z","log.level":"info","message":"mongodb connection successful","ecs":{"version":"1.6.0"},"event":{"dataset":"commarray-backend.log"},"service":{"name":"commarray-backend"}}
{"@timestamp":"2021-09-13T09:15:40.783Z","log.level":"info","message":"::1 - - [13/Sep/2021:09:15:40 +0000] \"POST /v1/admin/approve HTTP/1.1\" 500 48 \"-\" \"PostmanRuntime/7.28.4\"\n","ecs":{"version":"1.6.0"},"event":{"dataset":"commarray-backend.log"},"trace":{"id":"e4953bea0c4711de64e30dadb4ff8baf"},"transaction":{"id":"a3cd0afd83278559"},"service":{"name":"commarray-backend"}}
{"@timestamp":"2021-09-13T09:16:38.534Z","log.level":"info","message":"::1 - - [13/Sep/2021:09:16:38 +0000] \"POST /v1/admin/approve HTTP/1.1\" 500 48 \"-\" \"PostmanRuntime/7.28.4\"\n","ecs":{"version":"1.6.0"},"event":{"dataset":"commarray-backend.log"},"trace":{"id":"fe8effdd3085a636fd7b9c40975b3cbc"},"transaction":{"id":"16ccce0e8f6e08ad"},"service":{"name":"commarray-backend"}}
{"@timestamp":"2021-09-13T09:17:39.276Z","log.level":"info","message":"http listening on port 3000","ecs":{"version":"1.6.0"},"event":{"dataset":"commarray-backend.log"},"service":{"name":"commarray-backend"}}
{"@timestamp":"2021-09-13T09:17:54.914Z","log.level":"info","message":"http listening on port 3000","ecs":{"version":"1.6.0"},"event":{"dataset":"commarray-backend.log"},"service":{"name":"commarray-backend"}}
{"@timestamp":"2021-09-13T09:18:01.776Z","log.level":"info","message":"http listening on port 3000","ecs":{"version":"1.6.0"},"event":{"dataset":"commarray-backend.log"},"service":{"name":"commarray-backend"}}
{"@timestamp":"2021-09-13T09:18:16.642Z","log.level":"info","message":"::1 - - [13/Sep/2021:09:18:16 +0000] \"POST /v1/admin/approve HTTP/1.1\" 500 48 \"-\" \"PostmanRuntime/7.28.4\"\n","ecs":{"version":"1.6.0"},"event":{"dataset":"commarray-backend.log"},"trace":{"id":"5bef606762e15ee57f9b7417edc2580a"},"transaction":{"id":"d4874a0056341290"},"service":{"name":"commarray-backend"}}
{"@timestamp":"2021-09-13T09:18:18.378Z","log.level":"info","message":"mongodb connection successful","ecs":{"version":"1.6.0"},"event":{"dataset":"commarray-backend.log"},"service":{"name":"commarray-backend"}}
{"@timestamp":"2021-09-13T09:20:56.551Z","log.level":"info","message":"::1 - - [13/Sep/2021:09:20:56 +0000] \"POST /v1/admin/approve HTTP/1.1\" 200 39 \"-\" \"PostmanRuntime/7.28.4\"\n","ecs":{"version":"1.6.0"},"event":{"dataset":"commarray-backend.log"},"trace":{"id":"bfd9b396099c95d7c00c9a61c9498500"},"transaction":{"id":"c1b47df71f548fcc"},"service":{"name":"commarray-backend"}}
{"@timestamp":"2021-09-13T09:33:03.518Z","log.level":"info","message":"::1 - - [13/Sep/2021:09:33:03 +0000] \"POST /v1/admin/approve HTTP/1.1\" 200 39 \"-\" \"PostmanRuntime/7.28.4\"\n","ecs":{"version":"1.6.0"},"event":{"dataset":"commarray-backend.log"},"trace":{"id":"b085e8f46685baf6efbba8a4d32efdc4"},"transaction":{"id":"a067e19cfd6b9a72"},"service":{"name":"commarray-backend"}}
{"@timestamp":"2021-09-13T09:36:31.302Z","log.level":"info","message":"::1 - - [13/Sep/2021:09:36:31 +0000] \"POST /v1/admin/approve HTTP/1.1\" 200 39 \"-\" \"PostmanRuntime/7.28.4\"\n","ecs":{"version":"1.6.0"},"event":{"dataset":"commarray-backend.log"},"trace":{"id":"ad63bbcdb813d20c550192bac1742e1c"},"transaction":{"id":"e443789063ee2ce1"},"service":{"name":"commarray-backend"}}
{"@timestamp":"2021-09-13T09:38:15.053Z","log.level":"info","message":"http listening on port 3000","ecs":{"version":"1.6.0"},"event":{"dataset":"commarray-backend.log"},"service":{"name":"commarray-backend"}}
{"@timestamp":"2021-09-13T09:38:32.655Z","log.level":"info","message":"mongodb connection successful","ecs":{"version":"1.6.0"},"event":{"dataset":"commarray-backend.log"},"service":{"name":"commarray-backend"}}
{"@timestamp":"2021-09-13T09:38:35.244Z","log.level":"info","message":"::1 - - [13/Sep/2021:09:38:35 +0000] \"POST /v1/admin/approve HTTP/1.1\" 200 39 \"-\" \"PostmanRuntime/7.28.4\"\n","ecs":{"version":"1.6.0"},"event":{"dataset":"commarray-backend.log"},"trace":{"id":"f1f674136cae37f9f940f6d953e50124"},"transaction":{"id":"e9b7c9a690967bc1"},"service":{"name":"commarray-backend"}}
{"@timestamp":"2021-09-13T09:40:43.683Z","log.level":"info","message":"::1 - - [13/Sep/2021:09:40:43 +0000] \"POST /v1/admin/approve HTTP/1.1\" 200 39 \"-\" \"PostmanRuntime/7.28.4\"\n","ecs":{"version":"1.6.0"},"event":{"dataset":"commarray-backend.log"},"trace":{"id":"8689ec39dd7f1dfc43da884e5b8a076b"},"transaction":{"id":"9d831d6324e68330"},"service":{"name":"commarray-backend"}}
{"@timestamp":"2021-09-13T09:41:38.283Z","log.level":"info","message":"http listening on port 3000","ecs":{"version":"1.6.0"},"event":{"dataset":"commarray-backend.log"},"service":{"name":"commarray-backend"}}
{"@timestamp":"2021-09-13T09:41:54.691Z","log.level":"info","message":"mongodb connection successful","ecs":{"version":"1.6.0"},"event":{"dataset":"commarray-backend.log"},"service":{"name":"commarray-backend"}}
{"@timestamp":"2021-09-13T09:42:01.103Z","log.level":"info","message":"::1 - - [13/Sep/2021:09:42:01 +0000] \"POST /v1/admin/approve HTTP/1.1\" 200 39 \"-\" \"PostmanRuntime/7.28.4\"\n","ecs":{"version":"1.6.0"},"event":{"dataset":"commarray-backend.log"},"trace":{"id":"23e4a9fdcef84e3e8f3ee8c4de939573"},"transaction":{"id":"1864c55d94571a24"},"service":{"name":"commarray-backend"}}
{"@timestamp":"2021-09-13T10:05:11.488Z","log.level":"info","message":"http listening on port 3000","ecs":{"version":"1.6.0"},"event":{"dataset":"commarray-backend.log"},"service":{"name":"commarray-backend"}}
{"@timestamp":"2021-09-13T10:05:27.965Z","log.level":"info","message":"mongodb connection successful","ecs":{"version":"1.6.0"},"event":{"dataset":"commarray-backend.log"},"service":{"name":"commarray-backend"}}
{"@timestamp":"2021-09-13T10:05:39.621Z","log.level":"info","message":"::1 - - [13/Sep/2021:10:05:39 +0000] \"POST /v1/admin/approve HTTP/1.1\" 500 48 \"-\" \"PostmanRuntime/7.28.4\"\n","ecs":{"version":"1.6.0"},"event":{"dataset":"commarray-backend.log"},"trace":{"id":"624d3063e79bcaef2cd79720d86b964f"},"transaction":{"id":"d725b682df522e7b"},"service":{"name":"commarray-backend"}}
{"@timestamp":"2021-09-13T10:08:20.270Z","log.level":"info","message":"http listening on port 3000","ecs":{"version":"1.6.0"},"event":{"dataset":"commarray-backend.log"},"service":{"name":"commarray-backend"}}
{"@timestamp":"2021-09-13T10:08:39.313Z","log.level":"info","message":"http listening on port 3000","ecs":{"version":"1.6.0"},"event":{"dataset":"commarray-backend.log"},"service":{"name":"commarray-backend"}}
{"@timestamp":"2021-09-13T10:08:55.480Z","log.level":"info","message":"mongodb connection successful","ecs":{"version":"1.6.0"},"event":{"dataset":"commarray-backend.log"},"service":{"name":"commarray-backend"}}
{"@timestamp":"2021-09-13T10:09:28.270Z","log.level":"info","message":"::1 - - [13/Sep/2021:10:09:28 +0000] \"POST /v1/admin/approve HTTP/1.1\" 500 48 \"-\" \"PostmanRuntime/7.28.4\"\n","ecs":{"version":"1.6.0"},"event":{"dataset":"commarray-backend.log"},"trace":{"id":"64b25da201839766b664c5856a4184c5"},"transaction":{"id":"7253423b93680540"},"service":{"name":"commarray-backend"}}
{"@timestamp":"2021-09-13T10:12:08.604Z","log.level":"info","message":"http listening on port 3000","ecs":{"version":"1.6.0"},"event":{"dataset":"commarray-backend.log"},"service":{"name":"commarray-backend"}}
{"@timestamp":"2021-09-13T10:12:22.407Z","log.level":"info","message":"::1 - - [13/Sep/2021:10:12:22 +0000] \"POST /v1/admin/approve HTTP/1.1\" 500 48 \"-\" \"PostmanRuntime/7.28.4\"\n","ecs":{"version":"1.6.0"},"event":{"dataset":"commarray-backend.log"},"trace":{"id":"82806453aa627df9ddd917c823edb723"},"transaction":{"id":"2c31607cb9df0d10"},"service":{"name":"commarray-backend"}}
{"@timestamp":"2021-09-13T10:12:24.994Z","log.level":"info","message":"mongodb connection successful","ecs":{"version":"1.6.0"},"event":{"dataset":"commarray-backend.log"},"service":{"name":"commarray-backend"}}
{"@timestamp":"2021-09-13T10:20:06.306Z","log.level":"info","message":"http listening on port 3000","ecs":{"version":"1.6.0"},"event":{"dataset":"commarray-backend.log"},"service":{"name":"commarray-backend"}}
{"@timestamp":"2021-09-13T10:20:18.747Z","log.level":"info","message":"::1 - - [13/Sep/2021:10:20:18 +0000] \"POST /v1/admin/approve HTTP/1.1\" 500 48 \"-\" \"PostmanRuntime/7.28.4\"\n","ecs":{"version":"1.6.0"},"event":{"dataset":"commarray-backend.log"},"trace":{"id":"5f1bcf91d517194436ea0903e13a5d18"},"transaction":{"id":"4859cebd12034a76"},"service":{"name":"commarray-backend"}}
{"@timestamp":"2021-09-13T10:20:24.840Z","log.level":"info","message":"mongodb connection successful","ecs":{"version":"1.6.0"},"event":{"dataset":"commarray-backend.log"},"service":{"name":"commarray-backend"}}
{"@timestamp":"2021-09-13T10:21:32.370Z","log.level":"info","message":"http listening on port 3000","ecs":{"version":"1.6.0"},"event":{"dataset":"commarray-backend.log"},"service":{"name":"commarray-backend"}}
{"@timestamp":"2021-09-13T10:21:46.042Z","log.level":"info","message":"::1 - - [13/Sep/2021:10:21:46 +0000] \"POST /v1/admin/approve HTTP/1.1\" 500 48 \"-\" \"PostmanRuntime/7.28.4\"\n","ecs":{"version":"1.6.0"},"event":{"dataset":"commarray-backend.log"},"trace":{"id":"76bab2f8523af8262bce29b4a41d27b8"},"transaction":{"id":"746dbe03de6012c1"},"service":{"name":"commarray-backend"}}
{"@timestamp":"2021-09-13T10:21:50.574Z","log.level":"info","message":"mongodb connection successful","ecs":{"version":"1.6.0"},"event":{"dataset":"commarray-backend.log"},"service":{"name":"commarray-backend"}}
{"@timestamp":"2021-09-13T11:02:06.459Z","log.level":"info","message":"::1 - - [13/Sep/2021:11:02:06 +0000] \"POST /v1/admin/approve HTTP/1.1\" 500 48 \"-\" \"PostmanRuntime/7.28.4\"\n","ecs":{"version":"1.6.0"},"event":{"dataset":"commarray-backend.log"},"trace":{"id":"f18bd8cef51c5d9cae8c343a43d0c536"},"transaction":{"id":"743459a0dd604cf1"},"service":{"name":"commarray-backend"}}
{"@timestamp":"2021-09-13T11:07:04.166Z","log.level":"info","message":"::1 - - [13/Sep/2021:11:07:04 +0000] \"POST /v1/admin/approve HTTP/1.1\" 200 39 \"-\" \"PostmanRuntime/7.28.4\"\n","ecs":{"version":"1.6.0"},"event":{"dataset":"commarray-backend.log"},"trace":{"id":"5d4d5f33216b6bc59b9a185eb8adc116"},"transaction":{"id":"32e7a42470606c1d"},"service":{"name":"commarray-backend"}}
{"@timestamp":"2021-09-13T11:08:18.665Z","log.level":"info","message":"::1 - - [13/Sep/2021:11:08:18 +0000] \"POST /v1/admin/approve HTTP/1.1\" 200 39 \"-\" \"PostmanRuntime/7.28.4\"\n","ecs":{"version":"1.6.0"},"event":{"dataset":"commarray-backend.log"},"trace":{"id":"a636ff9e5d6cecbab692d490ad2299b4"},"transaction":{"id":"72d9c4ac1c58f31a"},"service":{"name":"commarray-backend"}}
{"@timestamp":"2021-09-13T11:24:04.172Z","log.level":"info","message":"::1 - - [13/Sep/2021:11:24:04 +0000] \"POST /v1/admin/approve HTTP/1.1\" 200 39 \"-\" \"PostmanRuntime/7.28.4\"\n","ecs":{"version":"1.6.0"},"event":{"dataset":"commarray-backend.log"},"trace":{"id":"62df4d829fe228591a9187b95dfb705c"},"transaction":{"id":"e436f6c64f2f1d9c"},"service":{"name":"commarray-backend"}}
{"@timestamp":"2021-09-13T11:32:50.417Z","log.level":"info","message":"::1 - - [13/Sep/2021:11:32:50 +0000] \"POST /v1/admin/approve HTTP/1.1\" 500 48 \"-\" \"PostmanRuntime/7.28.4\"\n","ecs":{"version":"1.6.0"},"event":{"dataset":"commarray-backend.log"},"trace":{"id":"bbbf5ba5c79610556748992a56926d87"},"transaction":{"id":"2d4e8df4b60d773e"},"service":{"name":"commarray-backend"}}
{"@timestamp":"2021-09-13T11:42:46.189Z","log.level":"info","message":"::1 - - [13/Sep/2021:11:42:46 +0000] \"POST /v1/admin/approve HTTP/1.1\" 500 48 \"-\" \"PostmanRuntime/7.28.4\"\n","ecs":{"version":"1.6.0"},"event":{"dataset":"commarray-backend.log"},"trace":{"id":"b64ab1fa5b76fd36bc66f0360047d57e"},"transaction":{"id":"380b87f563468643"},"service":{"name":"commarray-backend"}}
{"@timestamp":"2021-09-13T11:44:09.558Z","log.level":"info","message":"::1 - - [13/Sep/2021:11:44:09 +0000] \"POST /v1/admin/approve HTTP/1.1\" 500 48 \"-\" \"PostmanRuntime/7.28.4\"\n","ecs":{"version":"1.6.0"},"event":{"dataset":"commarray-backend.log"},"trace":{"id":"070293353c4cb3b8b907f2b3f9a27d9b"},"transaction":{"id":"4ff223c047ec6c5c"},"service":{"name":"commarray-backend"}}
{"@timestamp":"2021-09-13T12:14:33.995Z","log.level":"info","message":"::1 - - [13/Sep/2021:12:14:33 +0000] \"POST /v1/admin/approve HTTP/1.1\" 401 64 \"-\" \"PostmanRuntime/7.28.4\"\n","ecs":{"version":"1.6.0"},"event":{"dataset":"commarray-backend.log"},"trace":{"id":"d0e1080b8bd817619dada9b53e0073bd"},"transaction":{"id":"fff8e2d56f812d30"},"service":{"name":"commarray-backend"}}
{"@timestamp":"2021-09-13T12:17:48.960Z","log.level":"info","message":"::1 - - [13/Sep/2021:12:17:48 +0000] \"POST /v1/auth/token HTTP/1.1\" 200 172 \"-\" \"PostmanRuntime/7.28.4\"\n","ecs":{"version":"1.6.0"},"event":{"dataset":"commarray-backend.log"},"trace":{"id":"c05572aa66f4254b1a63d22c6b307c6a"},"transaction":{"id":"307d55f003fb3aec"},"service":{"name":"commarray-backend"}}
{"@timestamp":"2021-09-13T12:21:38.236Z","log.level":"info","message":"::1 - - [13/Sep/2021:12:21:38 +0000] \"POST /v1/auth/token HTTP/1.1\" 200 172 \"-\" \"PostmanRuntime/7.28.4\"\n","ecs":{"version":"1.6.0"},"event":{"dataset":"commarray-backend.log"},"trace":{"id":"378994e843d49b5cd8afad9663567563"},"transaction":{"id":"1d9e21de087808f9"},"service":{"name":"commarray-backend"}}
{"@timestamp":"2021-09-13T12:22:19.964Z","log.level":"info","message":"http listening on port 3000","ecs":{"version":"1.6.0"},"event":{"dataset":"commarray-backend.log"},"service":{"name":"commarray-backend"}}
{"@timestamp":"2021-09-13T12:22:22.794Z","log.level":"info","message":"::1 - - [13/Sep/2021:12:22:22 +0000] \"POST /v1/auth/token HTTP/1.1\" 200 172 \"-\" \"PostmanRuntime/7.28.4\"\n","ecs":{"version":"1.6.0"},"event":{"dataset":"commarray-backend.log"},"trace":{"id":"476f26a310736b24389f8b8c39c7d485"},"transaction":{"id":"88381d488334ba58"},"service":{"name":"commarray-backend"}}
{"@timestamp":"2021-09-13T12:22:36.748Z","log.level":"info","message":"mongodb connection successful","ecs":{"version":"1.6.0"},"event":{"dataset":"commarray-backend.log"},"service":{"name":"commarray-backend"}}
{"@timestamp":"2021-09-13T12:23:06.368Z","log.level":"info","message":"::1 - - [13/Sep/2021:12:23:06 +0000] \"POST /v1/admin/login HTTP/1.1\" 200 508 \"-\" \"PostmanRuntime/7.28.4\"\n","ecs":{"version":"1.6.0"},"event":{"dataset":"commarray-backend.log"},"trace":{"id":"7e60993e1f5453dd6f5d50409ccdf718"},"transaction":{"id":"4f8446b025f93a03"},"service":{"name":"commarray-backend"}}
{"@timestamp":"2021-09-13T12:23:20.758Z","log.level":"info","message":"::1 - - [13/Sep/2021:12:23:20 +0000] \"POST /v1/admin/approve HTTP/1.1\" 200 44 \"-\" \"PostmanRuntime/7.28.4\"\n","ecs":{"version":"1.6.0"},"event":{"dataset":"commarray-backend.log"},"trace":{"id":"b8ace5ff2638dfa06fb33e723c740d24"},"transaction":{"id":"54613c7dc164cd11"},"service":{"name":"commarray-backend"}}
{"@timestamp":"2021-09-13T12:23:23.047Z","log.level":"info","message":"::1 - - [13/Sep/2021:12:23:23 +0000] \"POST /v1/admin/approve HTTP/1.1\" 200 44 \"-\" \"PostmanRuntime/7.28.4\"\n","ecs":{"version":"1.6.0"},"event":{"dataset":"commarray-backend.log"},"trace":{"id":"8ffea8d770ea5f486188ec016d50e4bc"},"transaction":{"id":"cfbbbff44b0fe4de"},"service":{"name":"commarray-backend"}}
{"@timestamp":"2021-09-13T12:23:23.972Z","log.level":"info","message":"::1 - - [13/Sep/2021:12:23:23 +0000] \"POST /v1/admin/approve HTTP/1.1\" 200 44 \"-\" \"PostmanRuntime/7.28.4\"\n","ecs":{"version":"1.6.0"},"event":{"dataset":"commarray-backend.log"},"trace":{"id":"4660ad767ca82f7245feadf3e4b1eb0f"},"transaction":{"id":"44c2dc4b7ed60bfa"},"service":{"name":"commarray-backend"}}
{"@timestamp":"2021-09-13T12:24:08.060Z","log.level":"info","message":"::1 - - [13/Sep/2021:12:24:08 +0000] \"POST /v1/admin/login HTTP/1.1\" 200 508 \"-\" \"PostmanRuntime/7.28.4\"\n","ecs":{"version":"1.6.0"},"event":{"dataset":"commarray-backend.log"},"trace":{"id":"206c28a3dcdcd2f36986f51b9134cf4b"},"transaction":{"id":"a7d5cb17b023e435"},"service":{"name":"commarray-backend"}}
{"@timestamp":"2021-09-13T12:24:24.080Z","log.level":"info","message":"::1 - - [13/Sep/2021:12:24:24 +0000] \"POST /v1/admin/approve HTTP/1.1\" 200 44 \"-\" \"PostmanRuntime/7.28.4\"\n","ecs":{"version":"1.6.0"},"event":{"dataset":"commarray-backend.log"},"trace":{"id":"cd39e5b2840c9d857903be3fc398e3e6"},"transaction":{"id":"2b6b3153bd4b589e"},"service":{"name":"commarray-backend"}}
{"@timestamp":"2021-09-13T12:24:25.062Z","log.level":"info","message":"::1 - - [13/Sep/2021:12:24:25 +0000] \"POST /v1/admin/approve HTTP/1.1\" 200 44 \"-\" \"PostmanRuntime/7.28.4\"\n","ecs":{"version":"1.6.0"},"event":{"dataset":"commarray-backend.log"},"trace":{"id":"2353a324ce04f53a1ffba79e656d77c0"},"transaction":{"id":"2e78907472971750"},"service":{"name":"commarray-backend"}}
{"@timestamp":"2021-09-13T12:32:29.143Z","log.level":"info","message":"::1 - - [13/Sep/2021:12:32:29 +0000] \"POST /v1/admin/approve HTTP/1.1\" 200 44 \"-\" \"PostmanRuntime/7.28.4\"\n","ecs":{"version":"1.6.0"},"event":{"dataset":"commarray-backend.log"},"trace":{"id":"1714f6eaece9af774b1a78cb937dfe92"},"transaction":{"id":"78b2a3246262a6ad"},"service":{"name":"commarray-backend"}}
{"@timestamp":"2021-09-13T12:32:54.562Z","log.level":"info","message":"http listening on port 3000","ecs":{"version":"1.6.0"},"event":{"dataset":"commarray-backend.log"},"service":{"name":"commarray-backend"}}
{"@timestamp":"2021-09-13T12:33:11.685Z","log.level":"info","message":"mongodb connection successful","ecs":{"version":"1.6.0"},"event":{"dataset":"commarray-backend.log"},"service":{"name":"commarray-backend"}}
{"@timestamp":"2021-09-13T12:33:14.422Z","log.level":"info","message":"::1 - - [13/Sep/2021:12:33:14 +0000] \"POST /v1/admin/approve HTTP/1.1\" 200 39 \"-\" \"PostmanRuntime/7.28.4\"\n","ecs":{"version":"1.6.0"},"event":{"dataset":"commarray-backend.log"},"trace":{"id":"79ef2a95f3f3718474623a1068fae3e0"},"transaction":{"id":"88a19fe5fce83d32"},"service":{"name":"commarray-backend"}}
{"@timestamp":"2021-09-13T12:42:37.827Z","log.level":"info","message":"::1 - - [13/Sep/2021:12:42:37 +0000] \"POST /v1/admin/login HTTP/1.1\" 200 44 \"-\" \"PostmanRuntime/7.28.4\"\n","ecs":{"version":"1.6.0"},"event":{"dataset":"commarray-backend.log"},"trace":{"id":"0f4e56b9bcedccc9e8d121bca95403fd"},"transaction":{"id":"d215c830020f9164"},"service":{"name":"commarray-backend"}}
{"@timestamp":"2021-09-13T12:42:50.613Z","log.level":"info","message":"::1 - - [13/Sep/2021:12:42:50 +0000] \"POST /v1/user/login HTTP/1.1\" 404 153 \"-\" \"PostmanRuntime/7.28.4\"\n","ecs":{"version":"1.6.0"},"event":{"dataset":"commarray-backend.log"},"trace":{"id":"cfc1ad9506713d80e59a4c11436f223f"},"transaction":{"id":"89e8aa781ac6820b"},"service":{"name":"commarray-backend"}}
{"@timestamp":"2021-09-13T12:43:09.773Z","log.level":"info","message":"http listening on port 3000","ecs":{"version":"1.6.0"},"event":{"dataset":"commarray-backend.log"},"service":{"name":"commarray-backend"}}
{"@timestamp":"2021-09-13T12:43:27.104Z","log.level":"info","message":"mongodb connection successful","ecs":{"version":"1.6.0"},"event":{"dataset":"commarray-backend.log"},"service":{"name":"commarray-backend"}}
{"@timestamp":"2021-09-13T12:43:30.615Z","log.level":"info","message":"::1 - - [13/Sep/2021:12:43:30 +0000] \"POST /v1/user/login HTTP/1.1\" 200 44 \"-\" \"PostmanRuntime/7.28.4\"\n","ecs":{"version":"1.6.0"},"event":{"dataset":"commarray-backend.log"},"trace":{"id":"78e22e96c1112787e7a5516e9aeab8b4"},"transaction":{"id":"8e98ca349c3af943"},"service":{"name":"commarray-backend"}}
{"@timestamp":"2021-09-13T12:43:36.980Z","log.level":"info","message":"::1 - - [13/Sep/2021:12:43:36 +0000] \"POST /v1/auth/token HTTP/1.1\" 200 172 \"-\" \"PostmanRuntime/7.28.4\"\n","ecs":{"version":"1.6.0"},"event":{"dataset":"commarray-backend.log"},"trace":{"id":"229fd0a0261108764882bb2ea03324ea"},"transaction":{"id":"7a7de9623dbe3174"},"service":{"name":"commarray-backend"}}
{"@timestamp":"2021-09-13T12:43:49.689Z","log.level":"info","message":"::1 - - [13/Sep/2021:12:43:49 +0000] \"POST /v1/user/login HTTP/1.1\" 500 48 \"-\" \"PostmanRuntime/7.28.4\"\n","ecs":{"version":"1.6.0"},"event":{"dataset":"commarray-backend.log"},"trace":{"id":"6f1e633f326d9846c022f65443f6548f"},"transaction":{"id":"3040b6b989fa47a6"},"service":{"name":"commarray-backend"}}
{"@timestamp":"2021-09-13T12:44:55.373Z","log.level":"info","message":"http listening on port 3000","ecs":{"version":"1.6.0"},"event":{"dataset":"commarray-backend.log"},"service":{"name":"commarray-backend"}}
{"@timestamp":"2021-09-13T12:45:04.127Z","log.level":"info","message":"::1 - - [13/Sep/2021:12:45:04 +0000] \"POST /v1/auth/token HTTP/1.1\" 200 172 \"-\" \"PostmanRuntime/7.28.4\"\n","ecs":{"version":"1.6.0"},"event":{"dataset":"commarray-backend.log"},"trace":{"id":"3744aed06479b64e37edd01ef8f31b76"},"transaction":{"id":"3048c736c47f5f69"},"service":{"name":"commarray-backend"}}
{"@timestamp":"2021-09-13T12:45:14.152Z","log.level":"info","message":"mongodb connection successful","ecs":{"version":"1.6.0"},"event":{"dataset":"commarray-backend.log"},"service":{"name":"commarray-backend"}}
{"@timestamp":"2021-09-13T12:45:31.554Z","log.level":"info","message":"::1 - - [13/Sep/2021:12:45:31 +0000] \"POST /v1/user/login HTTP/1.1\" 200 505 \"-\" \"PostmanRuntime/7.28.4\"\n","ecs":{"version":"1.6.0"},"event":{"dataset":"commarray-backend.log"},"trace":{"id":"8ff35285a69b3953925443f0fcfdfbba"},"transaction":{"id":"83d919ec05812ddb"},"service":{"name":"commarray-backend"}}
{"@timestamp":"2021-09-13T12:47:21.718Z","log.level":"info","message":"::1 - - [13/Sep/2021:12:47:21 +0000] \"POST /v1/register HTTP/1.1\" 200 36 \"-\" \"PostmanRuntime/7.28.4\"\n","ecs":{"version":"1.6.0"},"event":{"dataset":"commarray-backend.log"},"trace":{"id":"8e81c93af4d58fa3a3f05e40070657c2"},"transaction":{"id":"38562c61660dbd76"},"service":{"name":"commarray-backend"}}
{"@timestamp":"2021-09-13T12:47:26.318Z","log.level":"info","message":"::1 - - [13/Sep/2021:12:47:26 +0000] \"GET /v1/register/requests HTTP/1.1\" 200 217 \"-\" \"PostmanRuntime/7.28.4\"\n","ecs":{"version":"1.6.0"},"event":{"dataset":"commarray-backend.log"},"trace":{"id":"195f398320c6f0a58747e73c1d656d89"},"transaction":{"id":"a45f93171ad8c588"},"service":{"name":"commarray-backend"}}
{"@timestamp":"2021-09-13T12:47:39.002Z","log.level":"info","message":"::1 - - [13/Sep/2021:12:47:39 +0000] \"POST /v1/admin/approve HTTP/1.1\" 200 39 \"-\" \"PostmanRuntime/7.28.4\"\n","ecs":{"version":"1.6.0"},"event":{"dataset":"commarray-backend.log"},"trace":{"id":"a29e930a0bc104651771a184c1219416"},"transaction":{"id":"6749d58c5231f981"},"service":{"name":"commarray-backend"}}
{"@timestamp":"2021-09-13T12:49:37.501Z","log.level":"info","message":"::1 - - [13/Sep/2021:12:49:37 +0000] \"POST /v1/register HTTP/1.1\" 200 36 \"-\" \"PostmanRuntime/7.28.4\"\n","ecs":{"version":"1.6.0"},"event":{"dataset":"commarray-backend.log"},"trace":{"id":"fa3d3cd89e9a475f3356b746fc7b993c"},"transaction":{"id":"e7ae518ff84bf6b7"},"service":{"name":"commarray-backend"}}
{"@timestamp":"2021-09-13T12:49:43.871Z","log.level":"info","message":"::1 - - [13/Sep/2021:12:49:43 +0000] \"GET /v1/register/requests HTTP/1.1\" 200 212 \"-\" \"PostmanRuntime/7.28.4\"\n","ecs":{"version":"1.6.0"},"event":{"dataset":"commarray-backend.log"},"trace":{"id":"37c9df36aef2ede7ab345cd23808e1f0"},"transaction":{"id":"eafe38d2c250edfe"},"service":{"name":"commarray-backend"}}
{"@timestamp":"2021-09-13T12:49:58.847Z","log.level":"info","message":"::1 - - [13/Sep/2021:12:49:58 +0000] \"POST /v1/admin/approve HTTP/1.1\" 200 39 \"-\" \"PostmanRuntime/7.28.4\"\n","ecs":{"version":"1.6.0"},"event":{"dataset":"commarray-backend.log"},"trace":{"id":"bfbb10d99a8eba7af6e673c335b09ff7"},"transaction":{"id":"37b5cfaa92f22133"},"service":{"name":"commarray-backend"}}
{"@timestamp":"2021-09-14T07:22:37.035Z","log.level":"info","message":"http listening on port 3000","ecs":{"version":"1.6.0"},"event":{"dataset":"commarray-backend.log"},"service":{"name":"commarray-backend"}}
{"@timestamp":"2021-09-14T07:23:55.558Z","log.level":"info","message":"http listening on port 3000","ecs":{"version":"1.6.0"},"event":{"dataset":"commarray-backend.log"},"service":{"name":"commarray-backend"}}
{"@timestamp":"2021-09-14T07:24:17.258Z","log.level":"info","message":"mongodb connection successful","ecs":{"version":"1.6.0"},"event":{"dataset":"commarray-backend.log"},"service":{"name":"commarray-backend"}}
{"@timestamp":"2021-09-14T07:26:39.573Z","log.level":"info","message":"http listening on port 3000","ecs":{"version":"1.6.0"},"event":{"dataset":"commarray-backend.log"},"service":{"name":"commarray-backend"}}
{"@timestamp":"2021-09-14T07:27:01.284Z","log.level":"info","message":"mongodb connection successful","ecs":{"version":"1.6.0"},"event":{"dataset":"commarray-backend.log"},"service":{"name":"commarray-backend"}}
{"@timestamp":"2021-09-14T07:31:13.236Z","log.level":"info","message":"::1 - - [14/Sep/2021:07:31:13 +0000] \"POST /v1/group/create HTTP/1.1\" 500 48 \"-\" \"PostmanRuntime/7.28.4\"\n","ecs":{"version":"1.6.0"},"event":{"dataset":"commarray-backend.log"},"trace":{"id":"ddd08e7fa1f7faae3ffd4cca330f02bf"},"transaction":{"id":"c20689731f8dda57"},"service":{"name":"commarray-backend"}}
{"@timestamp":"2021-09-14T07:32:10.442Z","log.level":"info","message":"::1 - - [14/Sep/2021:07:32:10 +0000] \"POST /v1/group/create HTTP/1.1\" 500 48 \"-\" \"PostmanRuntime/7.28.4\"\n","ecs":{"version":"1.6.0"},"event":{"dataset":"commarray-backend.log"},"trace":{"id":"8bd9c466fc9ef10b03b59c8318d0f2ae"},"transaction":{"id":"ee5cca7321142c59"},"service":{"name":"commarray-backend"}}
{"@timestamp":"2021-09-14T07:32:20.890Z","log.level":"info","message":"http listening on port 3000","ecs":{"version":"1.6.0"},"event":{"dataset":"commarray-backend.log"},"service":{"name":"commarray-backend"}}
{"@timestamp":"2021-09-14T07:32:42.411Z","log.level":"info","message":"mongodb connection successful","ecs":{"version":"1.6.0"},"event":{"dataset":"commarray-backend.log"},"service":{"name":"commarray-backend"}}
{"@timestamp":"2021-09-14T07:33:21.171Z","log.level":"info","message":"::1 - - [14/Sep/2021:07:33:21 +0000] \"POST /v1/group/create HTTP/1.1\" 200 40 \"-\" \"PostmanRuntime/7.28.4\"\n","ecs":{"version":"1.6.0"},"event":{"dataset":"commarray-backend.log"},"trace":{"id":"81e75ae29e5c386c96541958489b3fd4"},"transaction":{"id":"c95ef3236b34651d"},"service":{"name":"commarray-backend"}}
{"@timestamp":"2021-09-14T07:34:34.000Z","log.level":"info","message":"::1 - - [14/Sep/2021:07:34:33 +0000] \"POST /v1/group/create HTTP/1.1\" 200 40 \"-\" \"PostmanRuntime/7.28.4\"\n","ecs":{"version":"1.6.0"},"event":{"dataset":"commarray-backend.log"},"trace":{"id":"1151e4083ed824d4985ae739880a9dff"},"transaction":{"id":"828e5d9be3976513"},"service":{"name":"commarray-backend"}}
{"@timestamp":"2021-09-14T07:34:58.333Z","log.level":"info","message":"::1 - - [14/Sep/2021:07:34:58 +0000] \"POST /v1/group/create HTTP/1.1\" 500 48 \"-\" \"PostmanRuntime/7.28.4\"\n","ecs":{"version":"1.6.0"},"event":{"dataset":"commarray-backend.log"},"trace":{"id":"5090a87ba8ef81679e8a510c6c6e654f"},"transaction":{"id":"4e282d1e28cfec66"},"service":{"name":"commarray-backend"}}
{"@timestamp":"2021-09-14T07:36:39.459Z","log.level":"info","message":"http listening on port 3000","ecs":{"version":"1.6.0"},"event":{"dataset":"commarray-backend.log"},"service":{"name":"commarray-backend"}}
{"@timestamp":"2021-09-14T07:36:59.294Z","log.level":"info","message":"::1 - - [14/Sep/2021:07:36:59 +0000] \"POST /v1/group/create HTTP/1.1\" 500 48 \"-\" \"PostmanRuntime/7.28.4\"\n","ecs":{"version":"1.6.0"},"event":{"dataset":"commarray-backend.log"},"trace":{"id":"19981d750fe7f5ba3e63123c60b2a9de"},"transaction":{"id":"2262404113589be1"},"service":{"name":"commarray-backend"}}
{"@timestamp":"2021-09-14T07:37:01.039Z","log.level":"info","message":"mongodb connection successful","ecs":{"version":"1.6.0"},"event":{"dataset":"commarray-backend.log"},"service":{"name":"commarray-backend"}}
{"@timestamp":"2021-09-14T07:38:16.291Z","log.level":"info","message":"http listening on port 3000","ecs":{"version":"1.6.0"},"event":{"dataset":"commarray-backend.log"},"service":{"name":"commarray-backend"}}
{"@timestamp":"2021-09-14T07:38:29.972Z","log.level":"info","message":"::1 - - [14/Sep/2021:07:38:29 +0000] \"POST /v1/group/create HTTP/1.1\" 500 48 \"-\" \"PostmanRuntime/7.28.4\"\n","ecs":{"version":"1.6.0"},"event":{"dataset":"commarray-backend.log"},"trace":{"id":"96bf9afa65d29b04e2362b8086602329"},"transaction":{"id":"26f0871b192ef1ca"},"service":{"name":"commarray-backend"}}
{"@timestamp":"2021-09-14T07:38:37.949Z","log.level":"info","message":"mongodb connection successful","ecs":{"version":"1.6.0"},"event":{"dataset":"commarray-backend.log"},"service":{"name":"commarray-backend"}}
{"@timestamp":"2021-09-14T07:39:13.943Z","log.level":"info","message":"http listening on port 3000","ecs":{"version":"1.6.0"},"event":{"dataset":"commarray-backend.log"},"service":{"name":"commarray-backend"}}
{"@timestamp":"2021-09-14T07:39:26.801Z","log.level":"info","message":"::1 - - [14/Sep/2021:07:39:26 +0000] \"POST /v1/group/create HTTP/1.1\" 500 48 \"-\" \"PostmanRuntime/7.28.4\"\n","ecs":{"version":"1.6.0"},"event":{"dataset":"commarray-backend.log"},"trace":{"id":"d56d9cd46437f0acd02712ef2182ef10"},"transaction":{"id":"74435828997bbb37"},"service":{"name":"commarray-backend"}}
{"@timestamp":"2021-09-14T07:39:35.521Z","log.level":"info","message":"mongodb connection successful","ecs":{"version":"1.6.0"},"event":{"dataset":"commarray-backend.log"},"service":{"name":"commarray-backend"}}
{"@timestamp":"2021-09-14T07:40:39.089Z","log.level":"info","message":"http listening on port 3000","ecs":{"version":"1.6.0"},"event":{"dataset":"commarray-backend.log"},"service":{"name":"commarray-backend"}}
{"@timestamp":"2021-09-14T07:40:55.467Z","log.level":"info","message":"::1 - - [14/Sep/2021:07:40:55 +0000] \"POST /v1/group/create HTTP/1.1\" 500 48 \"-\" \"PostmanRuntime/7.28.4\"\n","ecs":{"version":"1.6.0"},"event":{"dataset":"commarray-backend.log"},"trace":{"id":"042573f28907740128c8bbfa142b4838"},"transaction":{"id":"65bf70d8346c07d2"},"service":{"name":"commarray-backend"}}
{"@timestamp":"2021-09-14T07:41:00.606Z","log.level":"info","message":"mongodb connection successful","ecs":{"version":"1.6.0"},"event":{"dataset":"commarray-backend.log"},"service":{"name":"commarray-backend"}}
{"@timestamp":"2021-09-14T07:41:12.293Z","log.level":"info","message":"http listening on port 3000","ecs":{"version":"1.6.0"},"event":{"dataset":"commarray-backend.log"},"service":{"name":"commarray-backend"}}
{"@timestamp":"2021-09-14T07:41:33.811Z","log.level":"info","message":"mongodb connection successful","ecs":{"version":"1.6.0"},"event":{"dataset":"commarray-backend.log"},"service":{"name":"commarray-backend"}}
{"@timestamp":"2021-09-14T07:41:35.002Z","log.level":"info","message":"::1 - - [14/Sep/2021:07:41:35 +0000] \"POST /v1/group/create HTTP/1.1\" 200 45 \"-\" \"PostmanRuntime/7.28.4\"\n","ecs":{"version":"1.6.0"},"event":{"dataset":"commarray-backend.log"},"trace":{"id":"69c50ea44446c70077c64b2778115cd3"},"transaction":{"id":"6311634dc9f43a64"},"service":{"name":"commarray-backend"}}
{"@timestamp":"2021-09-14T07:45:16.759Z","log.level":"info","message":"http listening on port 3000","ecs":{"version":"1.6.0"},"event":{"dataset":"commarray-backend.log"},"service":{"name":"commarray-backend"}}
{"@timestamp":"2021-09-14T07:45:37.432Z","log.level":"info","message":"mongodb connection successful","ecs":{"version":"1.6.0"},"event":{"dataset":"commarray-backend.log"},"service":{"name":"commarray-backend"}}
{"@timestamp":"2021-09-14T07:45:38.641Z","log.level":"info","message":"::1 - - [14/Sep/2021:07:45:38 +0000] \"POST /v1/group/create HTTP/1.1\" 200 45 \"-\" \"PostmanRuntime/7.28.4\"\n","ecs":{"version":"1.6.0"},"event":{"dataset":"commarray-backend.log"},"trace":{"id":"131545206d965f6259c80dee7ff264b1"},"transaction":{"id":"dbc8c8af0c30f8d0"},"service":{"name":"commarray-backend"}}
{"@timestamp":"2021-09-14T07:48:24.103Z","log.level":"info","message":"http listening on port 3000","ecs":{"version":"1.6.0"},"event":{"dataset":"commarray-backend.log"},"service":{"name":"commarray-backend"}}
{"@timestamp":"2021-09-14T07:48:47.220Z","log.level":"info","message":"mongodb connection successful","ecs":{"version":"1.6.0"},"event":{"dataset":"commarray-backend.log"},"service":{"name":"commarray-backend"}}
{"@timestamp":"2021-09-14T08:05:40.803Z","log.level":"info","message":"http listening on port 3000","ecs":{"version":"1.6.0"},"event":{"dataset":"commarray-backend.log"},"service":{"name":"commarray-backend"}}
{"@timestamp":"2021-09-14T08:06:02.413Z","log.level":"info","message":"mongodb connection successful","ecs":{"version":"1.6.0"},"event":{"dataset":"commarray-backend.log"},"service":{"name":"commarray-backend"}}
{"@timestamp":"2021-09-14T08:08:56.869Z","log.level":"info","message":"::1 - - [14/Sep/2021:08:08:56 +0000] \"POST /v1/group/adduser HTTP/1.1\" 200 40 \"-\" \"PostmanRuntime/7.28.4\"\n","ecs":{"version":"1.6.0"},"event":{"dataset":"commarray-backend.log"},"trace":{"id":"cdfc47cdc58b467a260ead60bd47dd6b"},"transaction":{"id":"0e119278301e04db"},"service":{"name":"commarray-backend"}}
{"@timestamp":"2021-09-14T08:09:36.007Z","log.level":"info","message":"::1 - - [14/Sep/2021:08:09:36 +0000] \"POST /v1/group/adduser HTTP/1.1\" 200 40 \"-\" \"PostmanRuntime/7.28.4\"\n","ecs":{"version":"1.6.0"},"event":{"dataset":"commarray-backend.log"},"trace":{"id":"b19e17f4a179f216ce46cd0c82a98ef3"},"transaction":{"id":"204a854a17d339bb"},"service":{"name":"commarray-backend"}}
{"@timestamp":"2021-09-14T08:17:27.149Z","log.level":"info","message":"http listening on port 3000","ecs":{"version":"1.6.0"},"event":{"dataset":"commarray-backend.log"},"service":{"name":"commarray-backend"}}
{"@timestamp":"2021-09-14T08:17:48.775Z","log.level":"info","message":"mongodb connection successful","ecs":{"version":"1.6.0"},"event":{"dataset":"commarray-backend.log"},"service":{"name":"commarray-backend"}}
{"@timestamp":"2021-09-14T08:19:12.232Z","log.level":"info","message":"::1 - - [14/Sep/2021:08:19:12 +0000] \"POST /v1/user/ HTTP/1.1\" 500 48 \"-\" \"PostmanRuntime/7.28.4\"\n","ecs":{"version":"1.6.0"},"event":{"dataset":"commarray-backend.log"},"trace":{"id":"c44caa78114fa633f6c221324ddb247b"},"transaction":{"id":"4de04883e62a60fd"},"service":{"name":"commarray-backend"}}
{"@timestamp":"2021-09-14T08:19:48.633Z","log.level":"info","message":"http listening on port 3000","ecs":{"version":"1.6.0"},"event":{"dataset":"commarray-backend.log"},"service":{"name":"commarray-backend"}}
{"@timestamp":"2021-09-14T08:20:10.257Z","log.level":"info","message":"mongodb connection successful","ecs":{"version":"1.6.0"},"event":{"dataset":"commarray-backend.log"},"service":{"name":"commarray-backend"}}
{"@timestamp":"2021-09-14T08:20:10.723Z","log.level":"info","message":"::1 - - [14/Sep/2021:08:20:10 +0000] \"POST /v1/user/ HTTP/1.1\" 500 48 \"-\" \"PostmanRuntime/7.28.4\"\n","ecs":{"version":"1.6.0"},"event":{"dataset":"commarray-backend.log"},"trace":{"id":"d1c36bb49ae373d380a0f0eed7fc6202"},"transaction":{"id":"11e338ab1a596aa6"},"service":{"name":"commarray-backend"}}
{"@timestamp":"2021-09-14T08:20:48.898Z","log.level":"info","message":"http listening on port 3000","ecs":{"version":"1.6.0"},"event":{"dataset":"commarray-backend.log"},"service":{"name":"commarray-backend"}}
{"@timestamp":"2021-09-14T08:21:00.081Z","log.level":"info","message":"http listening on port 3000","ecs":{"version":"1.6.0"},"event":{"dataset":"commarray-backend.log"},"service":{"name":"commarray-backend"}}
{"@timestamp":"2021-09-14T08:21:21.845Z","log.level":"info","message":"mongodb connection successful","ecs":{"version":"1.6.0"},"event":{"dataset":"commarray-backend.log"},"service":{"name":"commarray-backend"}}
{"@timestamp":"2021-09-14T08:21:22.345Z","log.level":"info","message":"::1 - - [14/Sep/2021:08:21:22 +0000] \"POST /v1/user/ HTTP/1.1\" 200 1144 \"-\" \"PostmanRuntime/7.28.4\"\n","ecs":{"version":"1.6.0"},"event":{"dataset":"commarray-backend.log"},"trace":{"id":"30dd0785b785ab0568a819c03b317c89"},"transaction":{"id":"a861bdafa40d725a"},"service":{"name":"commarray-backend"}}
{"@timestamp":"2021-09-14T08:22:17.023Z","log.level":"info","message":"http listening on port 3000","ecs":{"version":"1.6.0"},"event":{"dataset":"commarray-backend.log"},"service":{"name":"commarray-backend"}}
{"@timestamp":"2021-09-14T08:22:38.535Z","log.level":"info","message":"mongodb connection successful","ecs":{"version":"1.6.0"},"event":{"dataset":"commarray-backend.log"},"service":{"name":"commarray-backend"}}
{"@timestamp":"2021-09-14T08:22:39.053Z","log.level":"info","message":"::1 - - [14/Sep/2021:08:22:39 +0000] \"POST /v1/user/ HTTP/1.1\" 200 1144 \"-\" \"PostmanRuntime/7.28.4\"\n","ecs":{"version":"1.6.0"},"event":{"dataset":"commarray-backend.log"},"trace":{"id":"36756b0aeac4be4b92b5b9cc852926c1"},"transaction":{"id":"f0ce3b9f0d1ba5b1"},"service":{"name":"commarray-backend"}}
{"@timestamp":"2021-09-14T08:26:17.228Z","log.level":"info","message":"http listening on port 3000","ecs":{"version":"1.6.0"},"event":{"dataset":"commarray-backend.log"},"service":{"name":"commarray-backend"}}
{"@timestamp":"2021-09-14T08:26:38.735Z","log.level":"info","message":"mongodb connection successful","ecs":{"version":"1.6.0"},"event":{"dataset":"commarray-backend.log"},"service":{"name":"commarray-backend"}}
{"@timestamp":"2021-09-14T08:26:39.201Z","log.level":"info","message":"::1 - - [14/Sep/2021:08:26:39 +0000] \"POST /v1/user/ HTTP/1.1\" 200 718 \"-\" \"PostmanRuntime/7.28.4\"\n","ecs":{"version":"1.6.0"},"event":{"dataset":"commarray-backend.log"},"trace":{"id":"eeaf8a538576a94a5540b4c00f18c1d0"},"transaction":{"id":"2ff750be75fe3919"},"service":{"name":"commarray-backend"}}
{"@timestamp":"2021-09-14T08:28:13.106Z","log.level":"info","message":"http listening on port 3000","ecs":{"version":"1.6.0"},"event":{"dataset":"commarray-backend.log"},"service":{"name":"commarray-backend"}}
{"@timestamp":"2021-09-14T08:28:48.312Z","log.level":"error","message":"mongodb connection failed Could not connect to any servers in your MongoDB Atlas cluster. One common reason is that you're trying to access the database from an IP that isn't whitelisted. Make sure your current IP address is on your Atlas cluster's IP whitelist: https://docs.atlas.mongodb.com/security-whitelist/","ecs":{"version":"1.6.0"},"event":{"dataset":"commarray-backend.log"},"service":{"name":"commarray-backend"},"reason":{"type":"ReplicaSetNoPrimary","setName":null,"maxSetVersion":null,"maxElectionId":null,"servers":{},"stale":false,"compatible":true,"compatibilityError":null,"logicalSessionTimeoutMinutes":null,"heartbeatFrequencyMS":10000,"localThresholdMS":15,"commonWireVersion":null},"stack":"MongooseServerSelectionError: Could not connect to any servers in your MongoDB Atlas cluster. One common reason is that you're trying to access the database from an IP that isn't whitelisted. Make sure your current IP address is on your Atlas cluster's IP whitelist: https://docs.atlas.mongodb.com/security-whitelist/\n    at NativeConnection.Connection.openUri (D:\\commarray\\node_modules\\mongoose\\lib\\connection.js:846:32)\n    at D:\\commarray\\node_modules\\mongoose\\lib\\index.js:351:10\n    at promiseOrCallback (D:\\commarray\\node_modules\\mongoose\\lib\\helpers\\promiseOrCallback.js:10:12)\n    at Mongoose._promiseOrCallback (D:\\commarray\\node_modules\\mongoose\\lib\\index.js:1149:10)\n    at Mongoose.connect (D:\\commarray\\node_modules\\mongoose\\lib\\index.js:350:20)\n    at Object.<anonymous> (D:\\commarray\\src\\config\\mongo.js:15:10)\n    at Module._compile (internal/modules/cjs/loader.js:1072:14)\n    at Object.Module._extensions..js (internal/modules/cjs/loader.js:1101:10)\n    at Module.load (internal/modules/cjs/loader.js:937:32)\n    at Function.Module._load (internal/modules/cjs/loader.js:778:12)\n    at Module.require (internal/modules/cjs/loader.js:961:19)\n    at require (internal/modules/cjs/helpers.js:92:18)\n    at Object.<anonymous> (D:\\commarray\\src\\config\\app.js:8:1)\n    at Module._compile (internal/modules/cjs/loader.js:1072:14)\n    at Object.Module._extensions..js (internal/modules/cjs/loader.js:1101:10)\n    at Module.load (internal/modules/cjs/loader.js:937:32)"}
{"@timestamp":"2021-09-14T08:29:46.913Z","log.level":"info","message":"http listening on port 3000","ecs":{"version":"1.6.0"},"event":{"dataset":"commarray-backend.log"},"service":{"name":"commarray-backend"}}
{"@timestamp":"2021-09-14T08:30:08.228Z","log.level":"info","message":"mongodb connection successful","ecs":{"version":"1.6.0"},"event":{"dataset":"commarray-backend.log"},"service":{"name":"commarray-backend"}}
{"@timestamp":"2021-09-14T08:30:08.871Z","log.level":"info","message":"::1 - - [14/Sep/2021:08:30:08 +0000] \"POST /v1/user/ HTTP/1.1\" 200 451 \"-\" \"PostmanRuntime/7.28.4\"\n","ecs":{"version":"1.6.0"},"event":{"dataset":"commarray-backend.log"},"trace":{"id":"6220f22df265ea70462e0389c954ad5c"},"transaction":{"id":"00995eeb12d2ebc3"},"service":{"name":"commarray-backend"}}
{"@timestamp":"2021-09-14T08:38:47.266Z","log.level":"info","message":"http listening on port 3000","ecs":{"version":"1.6.0"},"event":{"dataset":"commarray-backend.log"},"service":{"name":"commarray-backend"}}
{"@timestamp":"2021-09-14T08:39:09.219Z","log.level":"info","message":"mongodb connection successful","ecs":{"version":"1.6.0"},"event":{"dataset":"commarray-backend.log"},"service":{"name":"commarray-backend"}}
{"@timestamp":"2021-09-14T08:41:06.186Z","log.level":"info","message":"::1 - - [14/Sep/2021:08:41:06 +0000] \"POST /v1/group/create HTTP/1.1\" 200 45 \"-\" \"PostmanRuntime/7.28.4\"\n","ecs":{"version":"1.6.0"},"event":{"dataset":"commarray-backend.log"},"trace":{"id":"7779bd2b66973f4693a14b5487ab41c6"},"transaction":{"id":"32001bb8dd57b390"},"service":{"name":"commarray-backend"}}
{"@timestamp":"2021-09-14T08:41:10.088Z","log.level":"info","message":"::1 - - [14/Sep/2021:08:41:10 +0000] \"POST /v1/group/ HTTP/1.1\" 500 48 \"-\" \"PostmanRuntime/7.28.4\"\n","ecs":{"version":"1.6.0"},"event":{"dataset":"commarray-backend.log"},"trace":{"id":"3223c30c7488b2e7fef27b830a267a21"},"transaction":{"id":"27f728b8e6a9a55d"},"service":{"name":"commarray-backend"}}
{"@timestamp":"2021-09-14T08:41:48.421Z","log.level":"info","message":"http listening on port 3000","ecs":{"version":"1.6.0"},"event":{"dataset":"commarray-backend.log"},"service":{"name":"commarray-backend"}}
{"@timestamp":"2021-09-14T08:42:09.971Z","log.level":"info","message":"::1 - - [14/Sep/2021:08:42:09 +0000] \"POST /v1/group/ HTTP/1.1\" 500 48 \"-\" \"PostmanRuntime/7.28.4\"\n","ecs":{"version":"1.6.0"},"event":{"dataset":"commarray-backend.log"},"trace":{"id":"d3ba45ca1d8c789b6c070e6769d62981"},"transaction":{"id":"bbe20757ca1277e8"},"service":{"name":"commarray-backend"}}
{"@timestamp":"2021-09-14T08:42:10.339Z","log.level":"info","message":"mongodb connection successful","ecs":{"version":"1.6.0"},"event":{"dataset":"commarray-backend.log"},"service":{"name":"commarray-backend"}}
{"@timestamp":"2021-09-14T08:42:51.889Z","log.level":"info","message":"http listening on port 3000","ecs":{"version":"1.6.0"},"event":{"dataset":"commarray-backend.log"},"service":{"name":"commarray-backend"}}
{"@timestamp":"2021-09-14T08:43:13.835Z","log.level":"info","message":"mongodb connection successful","ecs":{"version":"1.6.0"},"event":{"dataset":"commarray-backend.log"},"service":{"name":"commarray-backend"}}
{"@timestamp":"2021-09-14T08:43:15.250Z","log.level":"info","message":"::1 - - [14/Sep/2021:08:43:15 +0000] \"POST /v1/group/ HTTP/1.1\" 200 272 \"-\" \"PostmanRuntime/7.28.4\"\n","ecs":{"version":"1.6.0"},"event":{"dataset":"commarray-backend.log"},"trace":{"id":"35e2ef43ffcb4664a345925cd039a8f3"},"transaction":{"id":"63b27d7dd654d8dd"},"service":{"name":"commarray-backend"}}
{"@timestamp":"2021-09-14T11:57:49.370Z","log.level":"info","message":"http listening on port 3000","ecs":{"version":"1.6.0"},"event":{"dataset":"commarray-backend.log"},"service":{"name":"commarray-backend"}}
{"@timestamp":"2021-09-14T11:58:07.427Z","log.level":"info","message":"mongodb connection successful","ecs":{"version":"1.6.0"},"event":{"dataset":"commarray-backend.log"},"service":{"name":"commarray-backend"}}
{"@timestamp":"2021-09-14T11:59:20.053Z","log.level":"info","message":"::1 - - [14/Sep/2021:11:59:20 +0000] \"POST /v1/group/groupusers HTTP/1.1\" 200 967 \"-\" \"PostmanRuntime/7.28.4\"\n","ecs":{"version":"1.6.0"},"event":{"dataset":"commarray-backend.log"},"trace":{"id":"6d65efdc698bd95761974fc3ce1ac0c5"},"transaction":{"id":"a00a7d9f8f65096f"},"service":{"name":"commarray-backend"}}
{"@timestamp":"2021-09-14T12:00:21.490Z","log.level":"info","message":"http listening on port 3000","ecs":{"version":"1.6.0"},"event":{"dataset":"commarray-backend.log"},"service":{"name":"commarray-backend"}}
{"@timestamp":"2021-09-14T12:00:43.704Z","log.level":"info","message":"mongodb connection successful","ecs":{"version":"1.6.0"},"event":{"dataset":"commarray-backend.log"},"service":{"name":"commarray-backend"}}
{"@timestamp":"2021-09-14T12:00:45.805Z","log.level":"info","message":"::1 - - [14/Sep/2021:12:00:45 +0000] \"POST /v1/group/groupusers HTTP/1.1\" 200 683 \"-\" \"PostmanRuntime/7.28.4\"\n","ecs":{"version":"1.6.0"},"event":{"dataset":"commarray-backend.log"},"trace":{"id":"ffff97b428a3cfb58613f8668a786218"},"transaction":{"id":"7220a93be73ac0e6"},"service":{"name":"commarray-backend"}}
{"@timestamp":"2021-09-14T12:02:31.816Z","log.level":"info","message":"http listening on port 3000","ecs":{"version":"1.6.0"},"event":{"dataset":"commarray-backend.log"},"service":{"name":"commarray-backend"}}
{"@timestamp":"2021-09-14T12:02:53.233Z","log.level":"info","message":"mongodb connection successful","ecs":{"version":"1.6.0"},"event":{"dataset":"commarray-backend.log"},"service":{"name":"commarray-backend"}}
{"@timestamp":"2021-09-14T12:02:59.737Z","log.level":"info","message":"::1 - - [14/Sep/2021:12:02:59 +0000] \"POST /v1/group/groupusers HTTP/1.1\" 200 427 \"-\" \"PostmanRuntime/7.28.4\"\n","ecs":{"version":"1.6.0"},"event":{"dataset":"commarray-backend.log"},"trace":{"id":"8644379627498e1d2b711f5e7378df1f"},"transaction":{"id":"5c5d9f6e8871d290"},"service":{"name":"commarray-backend"}}
{"@timestamp":"2021-09-14T12:22:01.311Z","log.level":"info","message":"http listening on port 3000","ecs":{"version":"1.6.0"},"event":{"dataset":"commarray-backend.log"},"service":{"name":"commarray-backend"}}
{"@timestamp":"2021-09-14T12:22:22.240Z","log.level":"info","message":"mongodb connection successful","ecs":{"version":"1.6.0"},"event":{"dataset":"commarray-backend.log"},"service":{"name":"commarray-backend"}}
{"@timestamp":"2021-09-14T12:22:27.951Z","log.level":"info","message":"::1 - - [14/Sep/2021:12:22:27 +0000] \"POST /v1/group/deleteUser HTTP/1.1\" 200 39 \"-\" \"PostmanRuntime/7.28.4\"\n","ecs":{"version":"1.6.0"},"event":{"dataset":"commarray-backend.log"},"trace":{"id":"87ca50ad2a785e3eb63a29952164a5ad"},"transaction":{"id":"6f25bf59d76f5bcf"},"service":{"name":"commarray-backend"}}
{"@timestamp":"2021-09-14T12:23:48.057Z","log.level":"info","message":"::1 - - [14/Sep/2021:12:23:48 +0000] \"POST /v1/group/deleteUser HTTP/1.1\" 200 39 \"-\" \"PostmanRuntime/7.28.4\"\n","ecs":{"version":"1.6.0"},"event":{"dataset":"commarray-backend.log"},"trace":{"id":"7e50fd7871ed00b24cd462bc817f3023"},"transaction":{"id":"9677f31cc888d068"},"service":{"name":"commarray-backend"}}
{"@timestamp":"2021-09-14T12:25:41.184Z","log.level":"info","message":"http listening on port 3000","ecs":{"version":"1.6.0"},"event":{"dataset":"commarray-backend.log"},"service":{"name":"commarray-backend"}}
{"@timestamp":"2021-09-14T12:26:02.704Z","log.level":"info","message":"mongodb connection successful","ecs":{"version":"1.6.0"},"event":{"dataset":"commarray-backend.log"},"service":{"name":"commarray-backend"}}
{"@timestamp":"2021-09-14T12:26:10.801Z","log.level":"info","message":"::1 - - [14/Sep/2021:12:26:10 +0000] \"POST /v1/group/deleteUser HTTP/1.1\" 200 39 \"-\" \"PostmanRuntime/7.28.4\"\n","ecs":{"version":"1.6.0"},"event":{"dataset":"commarray-backend.log"},"trace":{"id":"bb48dfab9a45f32654058c19c7fec5a7"},"transaction":{"id":"c051d0cdf97f6f44"},"service":{"name":"commarray-backend"}}
{"@timestamp":"2021-09-14T12:33:47.733Z","log.level":"info","message":"http listening on port 3000","ecs":{"version":"1.6.0"},"event":{"dataset":"commarray-backend.log"},"service":{"name":"commarray-backend"}}
{"@timestamp":"2021-09-14T12:34:08.934Z","log.level":"info","message":"mongodb connection successful","ecs":{"version":"1.6.0"},"event":{"dataset":"commarray-backend.log"},"service":{"name":"commarray-backend"}}
{"@timestamp":"2021-09-14T12:34:28.318Z","log.level":"info","message":"http listening on port 3000","ecs":{"version":"1.6.0"},"event":{"dataset":"commarray-backend.log"},"service":{"name":"commarray-backend"}}
{"@timestamp":"2021-09-14T12:34:49.669Z","log.level":"info","message":"mongodb connection successful","ecs":{"version":"1.6.0"},"event":{"dataset":"commarray-backend.log"},"service":{"name":"commarray-backend"}}
{"@timestamp":"2021-09-14T12:51:13.336Z","log.level":"info","message":"http listening on port 3000","ecs":{"version":"1.6.0"},"event":{"dataset":"commarray-backend.log"},"service":{"name":"commarray-backend"}}
{"@timestamp":"2021-09-14T12:51:33.204Z","log.level":"info","message":"mongodb connection successful","ecs":{"version":"1.6.0"},"event":{"dataset":"commarray-backend.log"},"service":{"name":"commarray-backend"}}
{"@timestamp":"2021-09-14T12:51:53.257Z","log.level":"info","message":"::1 - - [14/Sep/2021:12:51:53 +0000] \"POST /v1/user/search HTTP/1.1\" 200 21 \"-\" \"PostmanRuntime/7.28.4\"\n","ecs":{"version":"1.6.0"},"event":{"dataset":"commarray-backend.log"},"trace":{"id":"c38f42237473c9c675dddec265fef6b6"},"transaction":{"id":"68f07fc57532a52e"},"service":{"name":"commarray-backend"}}
{"@timestamp":"2021-09-14T12:52:35.967Z","log.level":"info","message":"::1 - - [14/Sep/2021:12:52:35 +0000] \"POST /v1/user/search HTTP/1.1\" 200 21 \"-\" \"PostmanRuntime/7.28.4\"\n","ecs":{"version":"1.6.0"},"event":{"dataset":"commarray-backend.log"},"trace":{"id":"41d9d109f15f9c60741135dd9368f9df"},"transaction":{"id":"18490ad310e47336"},"service":{"name":"commarray-backend"}}
{"@timestamp":"2021-09-14T12:53:52.659Z","log.level":"info","message":"http listening on port 3000","ecs":{"version":"1.6.0"},"event":{"dataset":"commarray-backend.log"},"service":{"name":"commarray-backend"}}
{"@timestamp":"2021-09-14T12:54:14.199Z","log.level":"info","message":"mongodb connection successful","ecs":{"version":"1.6.0"},"event":{"dataset":"commarray-backend.log"},"service":{"name":"commarray-backend"}}
{"@timestamp":"2021-09-14T12:54:14.705Z","log.level":"info","message":"::1 - - [14/Sep/2021:12:54:14 +0000] \"POST /v1/user/search HTTP/1.1\" 200 392 \"-\" \"PostmanRuntime/7.28.4\"\n","ecs":{"version":"1.6.0"},"event":{"dataset":"commarray-backend.log"},"trace":{"id":"dc2415df6bf2cca255bdaf5dd96791e2"},"transaction":{"id":"280f51ad83c50ba2"},"service":{"name":"commarray-backend"}}
{"@timestamp":"2021-09-14T12:55:11.580Z","log.level":"info","message":"http listening on port 3000","ecs":{"version":"1.6.0"},"event":{"dataset":"commarray-backend.log"},"service":{"name":"commarray-backend"}}
{"@timestamp":"2021-09-14T12:55:32.862Z","log.level":"info","message":"mongodb connection successful","ecs":{"version":"1.6.0"},"event":{"dataset":"commarray-backend.log"},"service":{"name":"commarray-backend"}}
{"@timestamp":"2021-09-14T12:55:33.425Z","log.level":"info","message":"::1 - - [14/Sep/2021:12:55:33 +0000] \"POST /v1/user/search HTTP/1.1\" 200 161 \"-\" \"PostmanRuntime/7.28.4\"\n","ecs":{"version":"1.6.0"},"event":{"dataset":"commarray-backend.log"},"trace":{"id":"7dd010901b3eb9ecade9cd0c8b834320"},"transaction":{"id":"671418ec2b958ab6"},"service":{"name":"commarray-backend"}}
